Using pre-set license
Built from '2020.3/staging' branch; Version is '2020.3.25f1 (9b9180224418) revision 10195328'; Using compiler version '192528614'; Build Type 'Release'
OS: 'Windows 10  (10.0.19042) 64bit Professional' Language: 'en' Physical Memory: 24528 MB
BatchMode: 1, IsHumanControllingUs: 0, StartBugReporterOnCrash: 0, Is64bit: 1, IsPro: 0

COMMAND LINE ARGUMENTS:
C:\Program Files\Unity\Hub\Editor\2020.3.25f1\Editor\Unity.exe
-adb2
-batchMode
-noUpm
-name
AssetImportWorker0
-projectPath
D:/Games Dev/FarmingGameRPG
-logFile
Logs/AssetImportWorker0.log
-srvPort
54224
Successfully changed project path to: D:/Games Dev/FarmingGameRPG
D:/Games Dev/FarmingGameRPG
Using Asset Import Pipeline V2.
Refreshing native plugins compatible for Editor in 40.95 ms, found 2 plugins.
Preloading 0 native plugins for Editor in 0.00 ms.
Initialize engine version: 2020.3.25f1 (9b9180224418)
[Subsystems] Discovering subsystems at path C:/Program Files/Unity/Hub/Editor/2020.3.25f1/Editor/Data/Resources/UnitySubsystems
[Subsystems] Discovering subsystems at path D:/Games Dev/FarmingGameRPG/Assets
GfxDevice: creating device client; threaded=0
Direct3D:
    Version:  Direct3D 11.0 [level 11.1]
    Renderer: NVIDIA GeForce GTX 1060 6GB (ID=0x1c03)
    Vendor:   
    VRAM:     6052 MB
    Driver:   30.0.14.9676
Initialize mono
Mono path[0] = 'C:/Program Files/Unity/Hub/Editor/2020.3.25f1/Editor/Data/Managed'
Mono path[1] = 'C:/Program Files/Unity/Hub/Editor/2020.3.25f1/Editor/Data/MonoBleedingEdge/lib/mono/unityjit'
Mono config path = 'C:/Program Files/Unity/Hub/Editor/2020.3.25f1/Editor/Data/MonoBleedingEdge/etc'
Using monoOptions --debugger-agent=transport=dt_socket,embedding=1,server=y,suspend=n,address=127.0.0.1:56332
Begin MonoManager ReloadAssembly
Registering precompiled unity dll's ...
Register platform support module: C:/Program Files/Unity/Hub/Editor/2020.3.25f1/Editor/Data/PlaybackEngines/WindowsStandaloneSupport/UnityEditor.WindowsStandalone.Extensions.dll
Registered in 0.003316 seconds.
Native extension for WindowsStandalone target not found
Refreshing native plugins compatible for Editor in 38.70 ms, found 2 plugins.
Preloading 0 native plugins for Editor in 0.00 ms.
Mono: successfully reloaded assembly
- Completed reload, in  0.706 seconds
Domain Reload Profiling:
	ReloadAssembly (706ms)
		BeginReloadAssembly (75ms)
			ExecutionOrderSort (0ms)
			DisableScriptedObjects (0ms)
			BackupInstance (0ms)
			ReleaseScriptingObjects (0ms)
			CreateAndSetChildDomain (1ms)
		EndReloadAssembly (533ms)
			LoadAssemblies (72ms)
			RebuildTransferFunctionScriptingTraits (0ms)
			SetupTypeCache (181ms)
			ReleaseScriptCaches (0ms)
			RebuildScriptCaches (33ms)
			SetupLoadedEditorAssemblies (194ms)
				LogAssemblyErrors (0ms)
				InitializePlatformSupportModulesInManaged (6ms)
				SetLoadedEditorAssemblies (0ms)
				RefreshPlugins (39ms)
				BeforeProcessingInitializeOnLoad (16ms)
				ProcessInitializeOnLoadAttributes (99ms)
				ProcessInitializeOnLoadMethodAttributes (34ms)
				AfterProcessingInitializeOnLoad (0ms)
				EditorAssembliesLoaded (0ms)
			ExecutionOrderSort2 (0ms)
			AwakeInstancesAfterBackupRestoration (0ms)
Platform modules already initialized, skipping
Registering precompiled user dll's ...
Registered in 0.006328 seconds.
Begin MonoManager ReloadAssembly
Native extension for WindowsStandalone target not found
Refreshing native plugins compatible for Editor in 0.40 ms, found 2 plugins.
Preloading 0 native plugins for Editor in 0.00 ms.
Mono: successfully reloaded assembly
- Completed reload, in  1.234 seconds
Domain Reload Profiling:
	ReloadAssembly (1235ms)
		BeginReloadAssembly (179ms)
			ExecutionOrderSort (0ms)
			DisableScriptedObjects (6ms)
			BackupInstance (0ms)
			ReleaseScriptingObjects (0ms)
			CreateAndSetChildDomain (20ms)
		EndReloadAssembly (975ms)
			LoadAssemblies (121ms)
			RebuildTransferFunctionScriptingTraits (0ms)
			SetupTypeCache (334ms)
			ReleaseScriptCaches (0ms)
			RebuildScriptCaches (48ms)
			SetupLoadedEditorAssemblies (365ms)
				LogAssemblyErrors (0ms)
				InitializePlatformSupportModulesInManaged (6ms)
				SetLoadedEditorAssemblies (1ms)
				RefreshPlugins (0ms)
				BeforeProcessingInitializeOnLoad (109ms)
				ProcessInitializeOnLoadAttributes (225ms)
				ProcessInitializeOnLoadMethodAttributes (12ms)
				AfterProcessingInitializeOnLoad (13ms)
				EditorAssembliesLoaded (0ms)
			ExecutionOrderSort2 (0ms)
			AwakeInstancesAfterBackupRestoration (8ms)
Platform modules already initialized, skipping
========================================================================
Worker process is ready to serve import requests
Launched and connected shader compiler UnityShaderCompiler.exe after 0.08 seconds
Refreshing native plugins compatible for Editor in 0.44 ms, found 2 plugins.
Preloading 0 native plugins for Editor in 0.00 ms.
Unloading 1550 Unused Serialized files (Serialized files now loaded: 0)
System memory in use before: 70.2 MB.
System memory in use after: 70.3 MB.

Unloading 19 unused Assets to reduce memory usage. Loaded Objects now: 1983.
Total: 3.108500 ms (FindLiveObjects: 0.146900 ms CreateObjectMapping: 0.040900 ms MarkObjects: 2.854100 ms  DeleteObjects: 0.065100 ms)

AssetImportParameters requested are different than current active one (requested -> active):
  custom:framework-win-MediaFoundation: 216162199b28c13a410421893ffa2e32 -> 
  custom:video-decoder-ogg-theora: a1e56fd34408186e4bbccfd4996cb3dc -> 
  custom:container-muxer-webm: aa71ff27fc2769a1b78a27578f13a17b -> 
  custom:container-demuxer-webm: 4f35f7cbe854078d1ac9338744f61a02 -> 
  custom:container-demuxer-ogg: 62fdf1f143b41e24485cea50d1cbac27 -> 
  custom:video-encoder-webm-vp8: eb34c28f22e8b96e1ab97ce403110664 -> 
  custom:video-decoder-webm-vp8: 9c59270c3fd7afecdb556c50c9e8de78 -> 
  custom:audio-decoder-ogg-vorbis: bf7c407c2cedff20999df2af8eb42d56 -> 
  custom:audio-encoder-webm-vorbis: bf7c407c2cedff20999df2af8eb42d56 -> 
========================================================================
Received Import Request.
  path: Assets/Data/Tools/Seed/TomatoSeed.asset
  artifactKey: Guid(71e278d2912e1ce4386f7e5ac6bbb8bf) Importer(815301076,1909f56bfc062723c751e8b465ee728b)
Start importing Assets/Data/Tools/Seed/TomatoSeed.asset using Guid(71e278d2912e1ce4386f7e5ac6bbb8bf) Importer(815301076,1909f56bfc062723c751e8b465ee728b)  -> (artifact id: '6c43a53939647ea0eb75928f7215ef9b') in 0.046005 seconds 
  Import took 0.075401 seconds .

========================================================================
Received Import Request.
  Time since last request: 35.883778 seconds.
  path: Assets/Data/Items/Tomato.asset
  artifactKey: Guid(d12cf1628b242ac48af48318e478d47f) Importer(815301076,1909f56bfc062723c751e8b465ee728b)
Start importing Assets/Data/Items/Tomato.asset using Guid(d12cf1628b242ac48af48318e478d47f) Importer(815301076,1909f56bfc062723c751e8b465ee728b)  -> (artifact id: '4741ab556c58ab0b4f2bedffe0fcd02b') in 0.003769 seconds 
  Import took 0.019525 seconds .

========================================================================
Received Import Request.
  Time since last request: 20.620320 seconds.
  path: Assets/Prefabs/Player.prefab
  artifactKey: Guid(c971553a03600a0498deec400c969d44) Importer(815301076,1909f56bfc062723c751e8b465ee728b)
Start importing Assets/Prefabs/Player.prefab using Guid(c971553a03600a0498deec400c969d44) Importer(815301076,1909f56bfc062723c751e8b465ee728b)  -> (artifact id: 'a691f10f978ef67b2f06a89c690f8caf') in 0.207963 seconds 
  Import took 0.221806 seconds .

========================================================================
Received Import Request.
  Time since last request: 0.000329 seconds.
  path: Assets/Imported Assets/Cartoon_Farm_Crops/Prefabs/Mobile/Pumpkin_Fruit.prefab
  artifactKey: Guid(c2a2644fedfa0a849bbc9b40600c5c65) Importer(815301076,1909f56bfc062723c751e8b465ee728b)
Start importing Assets/Imported Assets/Cartoon_Farm_Crops/Prefabs/Mobile/Pumpkin_Fruit.prefab using Guid(c2a2644fedfa0a849bbc9b40600c5c65) Importer(815301076,1909f56bfc062723c751e8b465ee728b)  -> (artifact id: '6d820fe588ca3d130519b73d18989e6a') in 0.059510 seconds 
  Import took 0.078644 seconds .

========================================================================
Received Import Request.
  Time since last request: 0.000364 seconds.
  path: Assets/Imported Assets/Cartoon_Farm_Crops/Prefabs/Mobile/Pumpkin_Plant.prefab
  artifactKey: Guid(85cae589c09bb234d907a2ea8d0bac98) Importer(815301076,1909f56bfc062723c751e8b465ee728b)
Start importing Assets/Imported Assets/Cartoon_Farm_Crops/Prefabs/Mobile/Pumpkin_Plant.prefab using Guid(85cae589c09bb234d907a2ea8d0bac98) Importer(815301076,1909f56bfc062723c751e8b465ee728b)  -> (artifact id: '753504b631df2a8d7596fe87a5e51213') in 0.023853 seconds 
  Import took 0.026374 seconds .

========================================================================
Received Import Request.
  Time since last request: 0.000319 seconds.
  path: Assets/Imported Assets/Cartoon_Farm_Crops/Prefabs/Mobile/Tomato_Fruit.prefab
  artifactKey: Guid(054e8622a5bae1644b0baa6708dbbc5d) Importer(815301076,1909f56bfc062723c751e8b465ee728b)
Start importing Assets/Imported Assets/Cartoon_Farm_Crops/Prefabs/Mobile/Tomato_Fruit.prefab using Guid(054e8622a5bae1644b0baa6708dbbc5d) Importer(815301076,1909f56bfc062723c751e8b465ee728b)  -> (artifact id: 'edd6b17edeee9277d40d5250b7178c02') in 0.021903 seconds 
  Import took 0.035780 seconds .

========================================================================
Received Import Request.
  Time since last request: 0.292469 seconds.
  path: Assets/Imported Assets/Cartoon_Farm_Crops/Prefabs/Mobile/Tomato_Plant.prefab
  artifactKey: Guid(1cee73a22ae3bff49a094a5883eabd3c) Importer(815301076,1909f56bfc062723c751e8b465ee728b)
Start importing Assets/Imported Assets/Cartoon_Farm_Crops/Prefabs/Mobile/Tomato_Plant.prefab using Guid(1cee73a22ae3bff49a094a5883eabd3c) Importer(815301076,1909f56bfc062723c751e8b465ee728b)  -> (artifact id: '6b11cc5faa43966024691545a78a3e01') in 0.014150 seconds 
  Import took 0.021118 seconds .

========================================================================
Received Import Request.
  Time since last request: 0.914841 seconds.
  path: Assets/Imported Assets/Cartoon_Farm_Crops/Prefabs/Mobile/Turnip_Fruit.prefab
  artifactKey: Guid(becd827951d0b4046808ba97418ecf28) Importer(815301076,1909f56bfc062723c751e8b465ee728b)
Start importing Assets/Imported Assets/Cartoon_Farm_Crops/Prefabs/Mobile/Turnip_Fruit.prefab using Guid(becd827951d0b4046808ba97418ecf28) Importer(815301076,1909f56bfc062723c751e8b465ee728b)  -> (artifact id: 'a10c05b17c28752c790169bc7d2187b2') in 0.026796 seconds 
  Import took 0.047809 seconds .

========================================================================
Received Import Request.
  Time since last request: 0.000293 seconds.
  path: Assets/Imported Assets/Cartoon_Farm_Crops/Prefabs/Mobile/Turnip_Plant.prefab
  artifactKey: Guid(61b0f6b970bd324438f2ffc56c6ddf14) Importer(815301076,1909f56bfc062723c751e8b465ee728b)
Start importing Assets/Imported Assets/Cartoon_Farm_Crops/Prefabs/Mobile/Turnip_Plant.prefab using Guid(61b0f6b970bd324438f2ffc56c6ddf14) Importer(815301076,1909f56bfc062723c751e8b465ee728b)  -> (artifact id: '7de0812f79029368d1f4c479d7a7f600') in 0.013192 seconds 
  Import took 0.019293 seconds .

========================================================================
Received Import Request.
  Time since last request: 199.665938 seconds.
  path: Assets/Prefabs/Crops/Tomato.prefab
  artifactKey: Guid(ce8e6a43c62b9d44c935f808dc9954eb) Importer(815301076,1909f56bfc062723c751e8b465ee728b)
Start importing Assets/Prefabs/Crops/Tomato.prefab using Guid(ce8e6a43c62b9d44c935f808dc9954eb) Importer(815301076,1909f56bfc062723c751e8b465ee728b)  -> (artifact id: 'cc32f1b5d7c071a31fe2773a85c9a6ee') in 0.019001 seconds 
  Import took 0.039619 seconds .

========================================================================
Received Import Request.
  Time since last request: 32.304945 seconds.
  path: Assets/Prefabs/Crops/TomatoSeedling.prefab
  artifactKey: Guid(3a7552bf6a57b4646b79b5466998000f) Importer(815301076,1909f56bfc062723c751e8b465ee728b)
Start importing Assets/Prefabs/Crops/TomatoSeedling.prefab using Guid(3a7552bf6a57b4646b79b5466998000f) Importer(815301076,1909f56bfc062723c751e8b465ee728b)  -> (artifact id: '035a330a57f8b4c3e96bfba9f045d0e6') in 0.012253 seconds 
  Import took 0.030923 seconds .

========================================================================
Received Import Request.
  Time since last request: 92.327591 seconds.
  path: Assets/Prefabs/Crops/TomatoHarvestable.prefab
  artifactKey: Guid(1390959a0a73370428e5369113516adc) Importer(815301076,1909f56bfc062723c751e8b465ee728b)
Start importing Assets/Prefabs/Crops/TomatoHarvestable.prefab using Guid(1390959a0a73370428e5369113516adc) Importer(815301076,1909f56bfc062723c751e8b465ee728b)  -> (artifact id: 'dfe4cb3de791fad11a11e755904730e4') in 0.016752 seconds 
  Import took 0.019853 seconds .

========================================================================
Received Import Request.
  Time since last request: 5.894765 seconds.
  path: Assets/Prefabs/Crops/TomatoHarvestable.prefab
  artifactKey: Guid(1390959a0a73370428e5369113516adc) Importer(815301076,1909f56bfc062723c751e8b465ee728b)
Start importing Assets/Prefabs/Crops/TomatoHarvestable.prefab using Guid(1390959a0a73370428e5369113516adc) Importer(815301076,1909f56bfc062723c751e8b465ee728b)  -> (artifact id: 'e4796990454d5b8212c36d8c1c5c3704') in 0.017346 seconds 
  Import took 0.037898 seconds .

========================================================================
Received Import Request.
  Time since last request: 4.982320 seconds.
  path: Assets/Prefabs/Crops/TomatoHarvestable.prefab
  artifactKey: Guid(1390959a0a73370428e5369113516adc) Importer(815301076,1909f56bfc062723c751e8b465ee728b)
Start importing Assets/Prefabs/Crops/TomatoHarvestable.prefab using Guid(1390959a0a73370428e5369113516adc) Importer(815301076,1909f56bfc062723c751e8b465ee728b)  -> (artifact id: '5c1c564cea4b7fd98de6b8ddba1995d8') in 0.014922 seconds 
  Import took 0.033640 seconds .

========================================================================
Received Import Request.
  Time since last request: 4.792444 seconds.
  path: Assets/Prefabs/Crops/TomatoHarvestable.prefab
  artifactKey: Guid(1390959a0a73370428e5369113516adc) Importer(815301076,1909f56bfc062723c751e8b465ee728b)
Start importing Assets/Prefabs/Crops/TomatoHarvestable.prefab using Guid(1390959a0a73370428e5369113516adc) Importer(815301076,1909f56bfc062723c751e8b465ee728b)  -> (artifact id: '7815eece3bdd529f10dc580b81677932') in 0.013964 seconds 
  Import took 0.017019 seconds .

========================================================================
Received Import Request.
  Time since last request: 3.816387 seconds.
  path: Assets/Prefabs/Crops/TomatoHarvestable.prefab
  artifactKey: Guid(1390959a0a73370428e5369113516adc) Importer(815301076,1909f56bfc062723c751e8b465ee728b)
Start importing Assets/Prefabs/Crops/TomatoHarvestable.prefab using Guid(1390959a0a73370428e5369113516adc) Importer(815301076,1909f56bfc062723c751e8b465ee728b)  -> (artifact id: 'a44b0dcd172a2c7ea26095b17e183f0c') in 0.013537 seconds 
  Import took 0.016569 seconds .

========================================================================
Received Import Request.
  Time since last request: 7.236218 seconds.
  path: Assets/Prefabs/Crops/TomatoHarvestable.prefab
  artifactKey: Guid(1390959a0a73370428e5369113516adc) Importer(815301076,1909f56bfc062723c751e8b465ee728b)
Start importing Assets/Prefabs/Crops/TomatoHarvestable.prefab using Guid(1390959a0a73370428e5369113516adc) Importer(815301076,1909f56bfc062723c751e8b465ee728b)  -> (artifact id: 'f421cef3b81a66b1d440c938c799bfbc') in 0.015296 seconds 
  Import took 0.034674 seconds .

========================================================================
Received Import Request.
  Time since last request: 1.382520 seconds.
  path: Assets/Prefabs/Crops/TomatoHarvestable.prefab
  artifactKey: Guid(1390959a0a73370428e5369113516adc) Importer(815301076,1909f56bfc062723c751e8b465ee728b)
Start importing Assets/Prefabs/Crops/TomatoHarvestable.prefab using Guid(1390959a0a73370428e5369113516adc) Importer(815301076,1909f56bfc062723c751e8b465ee728b)  -> (artifact id: 'c07901891f32d1af8ae036b38d514279') in 0.014898 seconds 
  Import took 0.031932 seconds .

========================================================================
Received Import Request.
  Time since last request: 4.607895 seconds.
  path: Assets/Prefabs/Crops/TomatoHarvestable.prefab
  artifactKey: Guid(1390959a0a73370428e5369113516adc) Importer(815301076,1909f56bfc062723c751e8b465ee728b)
Start importing Assets/Prefabs/Crops/TomatoHarvestable.prefab using Guid(1390959a0a73370428e5369113516adc) Importer(815301076,1909f56bfc062723c751e8b465ee728b)  -> (artifact id: 'd16bddb10b776a6bd40c748f9cf4cfae') in 0.013805 seconds 
  Import took 0.027243 seconds .

========================================================================
Received Import Request.
  Time since last request: 6.622568 seconds.
  path: Assets/Prefabs/Crops/TomatoHarvestable.prefab
  artifactKey: Guid(1390959a0a73370428e5369113516adc) Importer(815301076,1909f56bfc062723c751e8b465ee728b)
Start importing Assets/Prefabs/Crops/TomatoHarvestable.prefab using Guid(1390959a0a73370428e5369113516adc) Importer(815301076,1909f56bfc062723c751e8b465ee728b)  -> (artifact id: '549f2f232f52f7cefff7f3b5f5773bac') in 0.013857 seconds 
  Import took 0.029206 seconds .

========================================================================
Received Import Request.
  Time since last request: 3.405241 seconds.
  path: Assets/Prefabs/Crops/TomatoHarvestable.prefab
  artifactKey: Guid(1390959a0a73370428e5369113516adc) Importer(815301076,1909f56bfc062723c751e8b465ee728b)
Start importing Assets/Prefabs/Crops/TomatoHarvestable.prefab using Guid(1390959a0a73370428e5369113516adc) Importer(815301076,1909f56bfc062723c751e8b465ee728b)  -> (artifact id: '3bc2e4668096efffbaab8dd4bf602826') in 0.013572 seconds 
  Import took 0.028265 seconds .

========================================================================
Received Import Request.
  Time since last request: 2.805798 seconds.
  path: Assets/Prefabs/Crops/TomatoHarvestable.prefab
  artifactKey: Guid(1390959a0a73370428e5369113516adc) Importer(815301076,1909f56bfc062723c751e8b465ee728b)
Start importing Assets/Prefabs/Crops/TomatoHarvestable.prefab using Guid(1390959a0a73370428e5369113516adc) Importer(815301076,1909f56bfc062723c751e8b465ee728b)  -> (artifact id: '791d23c75b41d473d6a3114130e2caba') in 0.014581 seconds 
  Import took 0.017651 seconds .

========================================================================
Received Import Request.
  Time since last request: 1.567904 seconds.
  path: Assets/Prefabs/Crops/TomatoHarvestable.prefab
  artifactKey: Guid(1390959a0a73370428e5369113516adc) Importer(815301076,1909f56bfc062723c751e8b465ee728b)
Start importing Assets/Prefabs/Crops/TomatoHarvestable.prefab using Guid(1390959a0a73370428e5369113516adc) Importer(815301076,1909f56bfc062723c751e8b465ee728b)  -> (artifact id: '2cf5d61fede12f94ae048a23701b5b65') in 0.017421 seconds 
  Import took 0.030845 seconds .

========================================================================
Received Import Request.
  Time since last request: 4.411678 seconds.
  path: Assets/Prefabs/Crops/TomatoHarvestable.prefab
  artifactKey: Guid(1390959a0a73370428e5369113516adc) Importer(815301076,1909f56bfc062723c751e8b465ee728b)
Start importing Assets/Prefabs/Crops/TomatoHarvestable.prefab using Guid(1390959a0a73370428e5369113516adc) Importer(815301076,1909f56bfc062723c751e8b465ee728b)  -> (artifact id: '6840292d298b66ac060fb292ae5c023a') in 0.013453 seconds 
  Import took 0.032442 seconds .

========================================================================
Received Import Request.
  Time since last request: 2.773218 seconds.
  path: Assets/Prefabs/Crops/TomatoHarvestable.prefab
  artifactKey: Guid(1390959a0a73370428e5369113516adc) Importer(815301076,1909f56bfc062723c751e8b465ee728b)
Start importing Assets/Prefabs/Crops/TomatoHarvestable.prefab using Guid(1390959a0a73370428e5369113516adc) Importer(815301076,1909f56bfc062723c751e8b465ee728b)  -> (artifact id: '9f0e89f4c2431b027404bbb2fef39966') in 0.013843 seconds 
  Import took 0.031534 seconds .

========================================================================
Received Import Request.
  Time since last request: 1.186761 seconds.
  path: Assets/Prefabs/Crops/TomatoHarvestable.prefab
  artifactKey: Guid(1390959a0a73370428e5369113516adc) Importer(815301076,1909f56bfc062723c751e8b465ee728b)
Start importing Assets/Prefabs/Crops/TomatoHarvestable.prefab using Guid(1390959a0a73370428e5369113516adc) Importer(815301076,1909f56bfc062723c751e8b465ee728b)  -> (artifact id: '98a33a579dbb1e82cc3eb6d6edccb116') in 0.015512 seconds 
  Import took 0.030858 seconds .

========================================================================
Received Import Request.
  Time since last request: 3.589739 seconds.
  path: Assets/Prefabs/Crops/TomatoHarvestable.prefab
  artifactKey: Guid(1390959a0a73370428e5369113516adc) Importer(815301076,1909f56bfc062723c751e8b465ee728b)
Start importing Assets/Prefabs/Crops/TomatoHarvestable.prefab using Guid(1390959a0a73370428e5369113516adc) Importer(815301076,1909f56bfc062723c751e8b465ee728b)  -> (artifact id: 'f69cb3d73d10f477594f7976e0a0db5a') in 0.020637 seconds 
  Import took 0.023685 seconds .

========================================================================
Received Import Request.
  Time since last request: 1.797181 seconds.
  path: Assets/Prefabs/Crops/TomatoHarvestable.prefab
  artifactKey: Guid(1390959a0a73370428e5369113516adc) Importer(815301076,1909f56bfc062723c751e8b465ee728b)
Start importing Assets/Prefabs/Crops/TomatoHarvestable.prefab using Guid(1390959a0a73370428e5369113516adc) Importer(815301076,1909f56bfc062723c751e8b465ee728b)  -> (artifact id: '44cfc687779817f2825615b551f21ff1') in 0.015332 seconds 
  Import took 0.018264 seconds .

========================================================================
Received Import Request.
  Time since last request: 1.794974 seconds.
  path: Assets/Prefabs/Crops/TomatoHarvestable.prefab
  artifactKey: Guid(1390959a0a73370428e5369113516adc) Importer(815301076,1909f56bfc062723c751e8b465ee728b)
Start importing Assets/Prefabs/Crops/TomatoHarvestable.prefab using Guid(1390959a0a73370428e5369113516adc) Importer(815301076,1909f56bfc062723c751e8b465ee728b)  -> (artifact id: 'cea28cab8b9641498f41ca0559a75d61') in 0.015720 seconds 
  Import took 0.032855 seconds .

========================================================================
Received Import Request.
  Time since last request: 3.793710 seconds.
  path: Assets/Prefabs/Crops/TomatoHarvestable.prefab
  artifactKey: Guid(1390959a0a73370428e5369113516adc) Importer(815301076,1909f56bfc062723c751e8b465ee728b)
Start importing Assets/Prefabs/Crops/TomatoHarvestable.prefab using Guid(1390959a0a73370428e5369113516adc) Importer(815301076,1909f56bfc062723c751e8b465ee728b)  -> (artifact id: '844249f5d82bde99640fca77aab40814') in 0.013656 seconds 
  Import took 0.029692 seconds .

========================================================================
Received Import Request.
  Time since last request: 2.196498 seconds.
  path: Assets/Prefabs/Crops/TomatoHarvestable.prefab
  artifactKey: Guid(1390959a0a73370428e5369113516adc) Importer(815301076,1909f56bfc062723c751e8b465ee728b)
Start importing Assets/Prefabs/Crops/TomatoHarvestable.prefab using Guid(1390959a0a73370428e5369113516adc) Importer(815301076,1909f56bfc062723c751e8b465ee728b)  -> (artifact id: '21af4dbd12cfec46b8c2fbcdd3729a5f') in 0.015409 seconds 
  Import took 0.018328 seconds .

========================================================================
Received Import Request.
  Time since last request: 7.848821 seconds.
  path: Assets/Prefabs/Crops/TomatoHarvestable.prefab
  artifactKey: Guid(1390959a0a73370428e5369113516adc) Importer(815301076,1909f56bfc062723c751e8b465ee728b)
Start importing Assets/Prefabs/Crops/TomatoHarvestable.prefab using Guid(1390959a0a73370428e5369113516adc) Importer(815301076,1909f56bfc062723c751e8b465ee728b)  -> (artifact id: '4ce40e86f3287293e21712e346aa7cc0') in 0.013458 seconds 
  Import took 0.031964 seconds .

========================================================================
Received Import Request.
  Time since last request: 5.991826 seconds.
  path: Assets/Prefabs/Crops/TomatoHarvestable.prefab
  artifactKey: Guid(1390959a0a73370428e5369113516adc) Importer(815301076,1909f56bfc062723c751e8b465ee728b)
Start importing Assets/Prefabs/Crops/TomatoHarvestable.prefab using Guid(1390959a0a73370428e5369113516adc) Importer(815301076,1909f56bfc062723c751e8b465ee728b)  -> (artifact id: '657db11108abbb5d89f9c23e0c4b64eb') in 0.017513 seconds 
  Import took 0.031511 seconds .

========================================================================
Received Import Request.
  Time since last request: 0.772498 seconds.
  path: Assets/Prefabs/Crops/TomatoHarvestable.prefab
  artifactKey: Guid(1390959a0a73370428e5369113516adc) Importer(815301076,1909f56bfc062723c751e8b465ee728b)
Start importing Assets/Prefabs/Crops/TomatoHarvestable.prefab using Guid(1390959a0a73370428e5369113516adc) Importer(815301076,1909f56bfc062723c751e8b465ee728b)  -> (artifact id: '4b9b89d148c9a684af00ec5a0df8d7f3') in 0.013198 seconds 
  Import took 0.030136 seconds .

========================================================================
Received Import Request.
  Time since last request: 1.178069 seconds.
  path: Assets/Prefabs/Crops/TomatoHarvestable.prefab
  artifactKey: Guid(1390959a0a73370428e5369113516adc) Importer(815301076,1909f56bfc062723c751e8b465ee728b)
Start importing Assets/Prefabs/Crops/TomatoHarvestable.prefab using Guid(1390959a0a73370428e5369113516adc) Importer(815301076,1909f56bfc062723c751e8b465ee728b)  -> (artifact id: '4ce7ec398ff81efba36f006e64c88793') in 0.014114 seconds 
  Import took 0.017176 seconds .

========================================================================
Received Import Request.
  Time since last request: 4.229617 seconds.
  path: Assets/Prefabs/Crops/TomatoHarvestable.prefab
  artifactKey: Guid(1390959a0a73370428e5369113516adc) Importer(815301076,1909f56bfc062723c751e8b465ee728b)
Start importing Assets/Prefabs/Crops/TomatoHarvestable.prefab using Guid(1390959a0a73370428e5369113516adc) Importer(815301076,1909f56bfc062723c751e8b465ee728b)  -> (artifact id: 'f7409d568f5aab76814d6336e1089271') in 0.015116 seconds 
  Import took 0.029829 seconds .

========================================================================
Received Import Request.
  Time since last request: 4.798878 seconds.
  path: Assets/Prefabs/Crops/TomatoHarvestable.prefab
  artifactKey: Guid(1390959a0a73370428e5369113516adc) Importer(815301076,1909f56bfc062723c751e8b465ee728b)
Start importing Assets/Prefabs/Crops/TomatoHarvestable.prefab using Guid(1390959a0a73370428e5369113516adc) Importer(815301076,1909f56bfc062723c751e8b465ee728b)  -> (artifact id: 'bf0a6eb9fc5fd4ed5fe3f3311579ac7c') in 0.014178 seconds 
  Import took 0.032583 seconds .

========================================================================
Received Import Request.
  Time since last request: 2.179682 seconds.
  path: Assets/Prefabs/Crops/TomatoHarvestable.prefab
  artifactKey: Guid(1390959a0a73370428e5369113516adc) Importer(815301076,1909f56bfc062723c751e8b465ee728b)
Start importing Assets/Prefabs/Crops/TomatoHarvestable.prefab using Guid(1390959a0a73370428e5369113516adc) Importer(815301076,1909f56bfc062723c751e8b465ee728b)  -> (artifact id: '6edc39c965eabcfe5b035e1bf8802741') in 0.014536 seconds 
  Import took 0.029704 seconds .

========================================================================
Received Import Request.
  Time since last request: 3.799416 seconds.
  path: Assets/Prefabs/Crops/TomatoHarvestable.prefab
  artifactKey: Guid(1390959a0a73370428e5369113516adc) Importer(815301076,1909f56bfc062723c751e8b465ee728b)
Start importing Assets/Prefabs/Crops/TomatoHarvestable.prefab using Guid(1390959a0a73370428e5369113516adc) Importer(815301076,1909f56bfc062723c751e8b465ee728b)  -> (artifact id: '1e6375cbc39484477fe602841971145f') in 0.014321 seconds 
  Import took 0.034001 seconds .

========================================================================
Received Import Request.
  Time since last request: 4.196950 seconds.
  path: Assets/Prefabs/Crops/TomatoHarvestable.prefab
  artifactKey: Guid(1390959a0a73370428e5369113516adc) Importer(815301076,1909f56bfc062723c751e8b465ee728b)
Start importing Assets/Prefabs/Crops/TomatoHarvestable.prefab using Guid(1390959a0a73370428e5369113516adc) Importer(815301076,1909f56bfc062723c751e8b465ee728b)  -> (artifact id: '687c35f6f341eaf663153c2e7b72b3df') in 0.013835 seconds 
  Import took 0.016858 seconds .

========================================================================
Received Import Request.
  Time since last request: 3.644486 seconds.
  path: Assets/Prefabs/Crops/TomatoHarvestable.prefab
  artifactKey: Guid(1390959a0a73370428e5369113516adc) Importer(815301076,1909f56bfc062723c751e8b465ee728b)
Start importing Assets/Prefabs/Crops/TomatoHarvestable.prefab using Guid(1390959a0a73370428e5369113516adc) Importer(815301076,1909f56bfc062723c751e8b465ee728b)  -> (artifact id: '32d2163f187b954db2f6984604bc88d6') in 0.015098 seconds 
  Import took 0.033882 seconds .

========================================================================
Received Import Request.
  Time since last request: 1.165008 seconds.
  path: Assets/Prefabs/Crops/TomatoHarvestable.prefab
  artifactKey: Guid(1390959a0a73370428e5369113516adc) Importer(815301076,1909f56bfc062723c751e8b465ee728b)
Start importing Assets/Prefabs/Crops/TomatoHarvestable.prefab using Guid(1390959a0a73370428e5369113516adc) Importer(815301076,1909f56bfc062723c751e8b465ee728b)  -> (artifact id: '88282af84e1cda3c6c66bbc71af4513e') in 0.017186 seconds 
  Import took 0.020834 seconds .

========================================================================
Received Import Request.
  Time since last request: 0.973106 seconds.
  path: Assets/Prefabs/Crops/TomatoHarvestable.prefab
  artifactKey: Guid(1390959a0a73370428e5369113516adc) Importer(815301076,1909f56bfc062723c751e8b465ee728b)
Start importing Assets/Prefabs/Crops/TomatoHarvestable.prefab using Guid(1390959a0a73370428e5369113516adc) Importer(815301076,1909f56bfc062723c751e8b465ee728b)  -> (artifact id: 'e3fa9dbab78ab8ac20eb9079f0d1c6a1') in 0.014229 seconds 
  Import took 0.017303 seconds .

========================================================================
Received Import Request.
  Time since last request: 1.182325 seconds.
  path: Assets/Prefabs/Crops/TomatoHarvestable.prefab
  artifactKey: Guid(1390959a0a73370428e5369113516adc) Importer(815301076,1909f56bfc062723c751e8b465ee728b)
Start importing Assets/Prefabs/Crops/TomatoHarvestable.prefab using Guid(1390959a0a73370428e5369113516adc) Importer(815301076,1909f56bfc062723c751e8b465ee728b)  -> (artifact id: 'b4984567825271cbb7938a026728dbe8') in 0.014172 seconds 
  Import took 0.027169 seconds .

========================================================================
Received Import Request.
  Time since last request: 0.782301 seconds.
  path: Assets/Prefabs/Crops/TomatoHarvestable.prefab
  artifactKey: Guid(1390959a0a73370428e5369113516adc) Importer(815301076,1909f56bfc062723c751e8b465ee728b)
Start importing Assets/Prefabs/Crops/TomatoHarvestable.prefab using Guid(1390959a0a73370428e5369113516adc) Importer(815301076,1909f56bfc062723c751e8b465ee728b)  -> (artifact id: 'bfd0410d47e85194647f14ce4d880dad') in 0.014288 seconds 
  Import took 0.030879 seconds .

========================================================================
Received Import Request.
  Time since last request: 1.175072 seconds.
  path: Assets/Prefabs/Crops/TomatoHarvestable.prefab
  artifactKey: Guid(1390959a0a73370428e5369113516adc) Importer(815301076,1909f56bfc062723c751e8b465ee728b)
Start importing Assets/Prefabs/Crops/TomatoHarvestable.prefab using Guid(1390959a0a73370428e5369113516adc) Importer(815301076,1909f56bfc062723c751e8b465ee728b)  -> (artifact id: '296e061a5b3cf1b0279dc23d79cef146') in 0.015225 seconds 
  Import took 0.018226 seconds .

========================================================================
Received Import Request.
  Time since last request: 3.407400 seconds.
  path: Assets/Prefabs/Crops/TomatoHarvestable.prefab
  artifactKey: Guid(1390959a0a73370428e5369113516adc) Importer(815301076,1909f56bfc062723c751e8b465ee728b)
Start importing Assets/Prefabs/Crops/TomatoHarvestable.prefab using Guid(1390959a0a73370428e5369113516adc) Importer(815301076,1909f56bfc062723c751e8b465ee728b)  -> (artifact id: 'ca8b460a5bc7ce6b07ebde2db9b5c662') in 0.015143 seconds 
  Import took 0.018325 seconds .

========================================================================
Received Import Request.
  Time since last request: 1.607963 seconds.
  path: Assets/Prefabs/Crops/TomatoHarvestable.prefab
  artifactKey: Guid(1390959a0a73370428e5369113516adc) Importer(815301076,1909f56bfc062723c751e8b465ee728b)
Start importing Assets/Prefabs/Crops/TomatoHarvestable.prefab using Guid(1390959a0a73370428e5369113516adc) Importer(815301076,1909f56bfc062723c751e8b465ee728b)  -> (artifact id: '67eb3f5c3655f31ab16ce9193523a081') in 0.015233 seconds 
  Import took 0.018201 seconds .

========================================================================
Received Import Request.
  Time since last request: 0.978056 seconds.
  path: Assets/Prefabs/Crops/TomatoHarvestable.prefab
  artifactKey: Guid(1390959a0a73370428e5369113516adc) Importer(815301076,1909f56bfc062723c751e8b465ee728b)
Start importing Assets/Prefabs/Crops/TomatoHarvestable.prefab using Guid(1390959a0a73370428e5369113516adc) Importer(815301076,1909f56bfc062723c751e8b465ee728b)  -> (artifact id: '1f5f2d43532a31cd5e893ad505a71398') in 0.016162 seconds 
  Import took 0.036107 seconds .

========================================================================
Received Import Request.
  Time since last request: 7.632804 seconds.
  path: Assets/Prefabs/Crops/TomatoHarvestable.prefab
  artifactKey: Guid(1390959a0a73370428e5369113516adc) Importer(815301076,1909f56bfc062723c751e8b465ee728b)
Start importing Assets/Prefabs/Crops/TomatoHarvestable.prefab using Guid(1390959a0a73370428e5369113516adc) Importer(815301076,1909f56bfc062723c751e8b465ee728b)  -> (artifact id: '2d900bcb1101c6cfae8219f38331ec4f') in 0.015291 seconds 
  Import took 0.033557 seconds .

========================================================================
Received Import Request.
  Time since last request: 1.765901 seconds.
  path: Assets/Prefabs/Crops/TomatoHarvestable.prefab
  artifactKey: Guid(1390959a0a73370428e5369113516adc) Importer(815301076,1909f56bfc062723c751e8b465ee728b)
Start importing Assets/Prefabs/Crops/TomatoHarvestable.prefab using Guid(1390959a0a73370428e5369113516adc) Importer(815301076,1909f56bfc062723c751e8b465ee728b)  -> (artifact id: 'b548b78ecdd53bbc9f445ef6c8c6e994') in 0.014702 seconds 
  Import took 0.033960 seconds .

========================================================================
Received Import Request.
  Time since last request: 45.228364 seconds.
  path: Assets/Prefabs/Crops/TomatoHarvestable.prefab
  artifactKey: Guid(1390959a0a73370428e5369113516adc) Importer(815301076,1909f56bfc062723c751e8b465ee728b)
Start importing Assets/Prefabs/Crops/TomatoHarvestable.prefab using Guid(1390959a0a73370428e5369113516adc) Importer(815301076,1909f56bfc062723c751e8b465ee728b)  -> (artifact id: '25e61bd8c5342afd615548d7f1d5480b') in 0.015847 seconds 
  Import took 0.019411 seconds .

========================================================================
Received Import Request.
  Time since last request: 4.397190 seconds.
  path: Assets/Prefabs/Crops/TomatoHarvestable.prefab
  artifactKey: Guid(1390959a0a73370428e5369113516adc) Importer(815301076,1909f56bfc062723c751e8b465ee728b)
Start importing Assets/Prefabs/Crops/TomatoHarvestable.prefab using Guid(1390959a0a73370428e5369113516adc) Importer(815301076,1909f56bfc062723c751e8b465ee728b)  -> (artifact id: '6d4015177606ce47a97122799cdbb2c9') in 0.015003 seconds 
  Import took 0.017946 seconds .

========================================================================
Received Import Request.
  Time since last request: 8.733619 seconds.
  path: Assets/Prefabs/Crops/TomatoHarvestable.prefab
  artifactKey: Guid(1390959a0a73370428e5369113516adc) Importer(815301076,1909f56bfc062723c751e8b465ee728b)
Start importing Assets/Prefabs/Crops/TomatoHarvestable.prefab using Guid(1390959a0a73370428e5369113516adc) Importer(815301076,1909f56bfc062723c751e8b465ee728b)  -> (artifact id: '28b7a6c06b0eaadd19c9fd8c7e37cbb7') in 0.015660 seconds 
  Import took 0.033735 seconds .

========================================================================
Received Import Request.
  Time since last request: 13.082498 seconds.
  path: Assets/Scripts/Farming/CropBehaviour.cs
  artifactKey: Guid(0be4c57002254af4aba9e3c46d12f6cb) Importer(815301076,1909f56bfc062723c751e8b465ee728b)
Start importing Assets/Scripts/Farming/CropBehaviour.cs using Guid(0be4c57002254af4aba9e3c46d12f6cb) Importer(815301076,1909f56bfc062723c751e8b465ee728b)  -> (artifact id: '88b27ff9f314b3ad9a83aea13bc2ae3a') in 0.017585 seconds 
  Import took 0.020237 seconds .

========================================================================
Received Import Request.
  Time since last request: 21.356675 seconds.
  path: Assets/Data/Tools/Seed/TomatoSeed.asset
  artifactKey: Guid(71e278d2912e1ce4386f7e5ac6bbb8bf) Importer(815301076,1909f56bfc062723c751e8b465ee728b)
Start importing Assets/Data/Tools/Seed/TomatoSeed.asset using Guid(71e278d2912e1ce4386f7e5ac6bbb8bf) Importer(815301076,1909f56bfc062723c751e8b465ee728b)  -> (artifact id: 'd211434fafb04cd25f78cd1b8a9c345b') in 0.006425 seconds 
  Import took 0.009286 seconds .

========================================================================
Received Import Request.
  Time since last request: 13.821554 seconds.
  path: Assets/Data/Items/Tomato.asset
  artifactKey: Guid(d12cf1628b242ac48af48318e478d47f) Importer(815301076,1909f56bfc062723c751e8b465ee728b)
Start importing Assets/Data/Items/Tomato.asset using Guid(d12cf1628b242ac48af48318e478d47f) Importer(815301076,1909f56bfc062723c751e8b465ee728b)  -> (artifact id: '54239b22925a8c1c99ddf89e1dd5e818') in 0.004289 seconds 
  Import took 0.014041 seconds .

========================================================================
Received Import Request.
  Time since last request: 5.725066 seconds.
  path: Assets/Data/Items/TomatoCrop.asset
  artifactKey: Guid(a1d735f3ac900504c84e7f405eec9e39) Importer(815301076,1909f56bfc062723c751e8b465ee728b)
Start importing Assets/Data/Items/TomatoCrop.asset using Guid(a1d735f3ac900504c84e7f405eec9e39) Importer(815301076,1909f56bfc062723c751e8b465ee728b)  -> (artifact id: 'e013265948b66a4abca26c0d6820e186') in 0.003786 seconds 
  Import took 0.011491 seconds .

========================================================================
Received Prepare
Registering precompiled user dll's ...
Registered in 0.006359 seconds.
Begin MonoManager ReloadAssembly
Native extension for WindowsStandalone target not found
Refreshing native plugins compatible for Editor in 0.42 ms, found 2 plugins.
Preloading 0 native plugins for Editor in 0.00 ms.
Mono: successfully reloaded assembly
- Completed reload, in  1.145 seconds
Domain Reload Profiling:
	ReloadAssembly (1145ms)
		BeginReloadAssembly (140ms)
			ExecutionOrderSort (0ms)
			DisableScriptedObjects (5ms)
			BackupInstance (0ms)
			ReleaseScriptingObjects (0ms)
			CreateAndSetChildDomain (34ms)
		EndReloadAssembly (924ms)
			LoadAssemblies (113ms)
			RebuildTransferFunctionScriptingTraits (0ms)
			SetupTypeCache (322ms)
			ReleaseScriptCaches (1ms)
			RebuildScriptCaches (43ms)
			SetupLoadedEditorAssemblies (339ms)
				LogAssemblyErrors (0ms)
				InitializePlatformSupportModulesInManaged (6ms)
				SetLoadedEditorAssemblies (1ms)
				RefreshPlugins (1ms)
				BeforeProcessingInitializeOnLoad (103ms)
				ProcessInitializeOnLoadAttributes (207ms)
				ProcessInitializeOnLoadMethodAttributes (11ms)
				AfterProcessingInitializeOnLoad (11ms)
				EditorAssembliesLoaded (0ms)
			ExecutionOrderSort2 (0ms)
			AwakeInstancesAfterBackupRestoration (8ms)
Platform modules already initialized, skipping
Refreshing native plugins compatible for Editor in 0.41 ms, found 2 plugins.
Preloading 0 native plugins for Editor in 0.00 ms.
Unloading 1544 Unused Serialized files (Serialized files now loaded: 0)
System memory in use before: 86.9 MB.
System memory in use after: 87.0 MB.

Unloading 14 unused Assets to reduce memory usage. Loaded Objects now: 1993.
Total: 3.004600 ms (FindLiveObjects: 0.163100 ms CreateObjectMapping: 0.047200 ms MarkObjects: 2.777800 ms  DeleteObjects: 0.015500 ms)

AssetImportParameters requested are different than current active one (requested -> active):
  custom:framework-win-MediaFoundation: 216162199b28c13a410421893ffa2e32 -> 
  custom:video-decoder-ogg-theora: a1e56fd34408186e4bbccfd4996cb3dc -> 
  custom:container-muxer-webm: aa71ff27fc2769a1b78a27578f13a17b -> 
  custom:container-demuxer-webm: 4f35f7cbe854078d1ac9338744f61a02 -> 
  custom:container-demuxer-ogg: 62fdf1f143b41e24485cea50d1cbac27 -> 
  custom:video-encoder-webm-vp8: eb34c28f22e8b96e1ab97ce403110664 -> 
  custom:video-decoder-webm-vp8: 9c59270c3fd7afecdb556c50c9e8de78 -> 
  custom:audio-decoder-ogg-vorbis: bf7c407c2cedff20999df2af8eb42d56 -> 
  custom:audio-encoder-webm-vorbis: bf7c407c2cedff20999df2af8eb42d56 -> 
========================================================================
Received Prepare
Registering precompiled user dll's ...
Registered in 0.006170 seconds.
Begin MonoManager ReloadAssembly
Native extension for WindowsStandalone target not found
Refreshing native plugins compatible for Editor in 0.46 ms, found 2 plugins.
Preloading 0 native plugins for Editor in 0.00 ms.
Mono: successfully reloaded assembly
- Completed reload, in  1.150 seconds
Domain Reload Profiling:
	ReloadAssembly (1151ms)
		BeginReloadAssembly (128ms)
			ExecutionOrderSort (0ms)
			DisableScriptedObjects (6ms)
			BackupInstance (0ms)
			ReleaseScriptingObjects (0ms)
			CreateAndSetChildDomain (32ms)
		EndReloadAssembly (940ms)
			LoadAssemblies (113ms)
			RebuildTransferFunctionScriptingTraits (0ms)
			SetupTypeCache (334ms)
			ReleaseScriptCaches (1ms)
			RebuildScriptCaches (43ms)
			SetupLoadedEditorAssemblies (342ms)
				LogAssemblyErrors (0ms)
				InitializePlatformSupportModulesInManaged (6ms)
				SetLoadedEditorAssemblies (1ms)
				RefreshPlugins (1ms)
				BeforeProcessingInitializeOnLoad (104ms)
				ProcessInitializeOnLoadAttributes (207ms)
				ProcessInitializeOnLoadMethodAttributes (11ms)
				AfterProcessingInitializeOnLoad (13ms)
				EditorAssembliesLoaded (0ms)
			ExecutionOrderSort2 (0ms)
			AwakeInstancesAfterBackupRestoration (8ms)
Platform modules already initialized, skipping
Refreshing native plugins compatible for Editor in 0.41 ms, found 2 plugins.
Preloading 0 native plugins for Editor in 0.00 ms.
Unloading 1544 Unused Serialized files (Serialized files now loaded: 0)
System memory in use before: 86.9 MB.
System memory in use after: 87.0 MB.

Unloading 14 unused Assets to reduce memory usage. Loaded Objects now: 1995.
Total: 3.173300 ms (FindLiveObjects: 0.172300 ms CreateObjectMapping: 0.049300 ms MarkObjects: 2.930300 ms  DeleteObjects: 0.019900 ms)

AssetImportParameters requested are different than current active one (requested -> active):
  custom:framework-win-MediaFoundation: 216162199b28c13a410421893ffa2e32 -> 
  custom:video-decoder-ogg-theora: a1e56fd34408186e4bbccfd4996cb3dc -> 
  custom:container-muxer-webm: aa71ff27fc2769a1b78a27578f13a17b -> 
  custom:container-demuxer-webm: 4f35f7cbe854078d1ac9338744f61a02 -> 
  custom:container-demuxer-ogg: 62fdf1f143b41e24485cea50d1cbac27 -> 
  custom:video-encoder-webm-vp8: eb34c28f22e8b96e1ab97ce403110664 -> 
  custom:video-decoder-webm-vp8: 9c59270c3fd7afecdb556c50c9e8de78 -> 
  custom:audio-decoder-ogg-vorbis: bf7c407c2cedff20999df2af8eb42d56 -> 
  custom:audio-encoder-webm-vorbis: bf7c407c2cedff20999df2af8eb42d56 -> 
========================================================================
Received Prepare
Registering precompiled user dll's ...
Registered in 0.006206 seconds.
Begin MonoManager ReloadAssembly
Native extension for WindowsStandalone target not found
Refreshing native plugins compatible for Editor in 0.46 ms, found 2 plugins.
Preloading 0 native plugins for Editor in 0.00 ms.
Mono: successfully reloaded assembly
- Completed reload, in  1.168 seconds
Domain Reload Profiling:
	ReloadAssembly (1168ms)
		BeginReloadAssembly (128ms)
			ExecutionOrderSort (0ms)
			DisableScriptedObjects (7ms)
			BackupInstance (0ms)
			ReleaseScriptingObjects (0ms)
			CreateAndSetChildDomain (31ms)
		EndReloadAssembly (954ms)
			LoadAssemblies (116ms)
			RebuildTransferFunctionScriptingTraits (0ms)
			SetupTypeCache (320ms)
			ReleaseScriptCaches (1ms)
			RebuildScriptCaches (43ms)
			SetupLoadedEditorAssemblies (370ms)
				LogAssemblyErrors (0ms)
				InitializePlatformSupportModulesInManaged (6ms)
				SetLoadedEditorAssemblies (1ms)
				RefreshPlugins (1ms)
				BeforeProcessingInitializeOnLoad (121ms)
				ProcessInitializeOnLoadAttributes (219ms)
				ProcessInitializeOnLoadMethodAttributes (11ms)
				AfterProcessingInitializeOnLoad (11ms)
				EditorAssembliesLoaded (0ms)
			ExecutionOrderSort2 (0ms)
			AwakeInstancesAfterBackupRestoration (8ms)
Platform modules already initialized, skipping
Refreshing native plugins compatible for Editor in 0.41 ms, found 2 plugins.
Preloading 0 native plugins for Editor in 0.00 ms.
Unloading 1545 Unused Serialized files (Serialized files now loaded: 0)
System memory in use before: 86.9 MB.
System memory in use after: 87.0 MB.

Unloading 14 unused Assets to reduce memory usage. Loaded Objects now: 1998.
Total: 2.987800 ms (FindLiveObjects: 0.144400 ms CreateObjectMapping: 0.040300 ms MarkObjects: 2.786500 ms  DeleteObjects: 0.015400 ms)

AssetImportParameters requested are different than current active one (requested -> active):
  custom:framework-win-MediaFoundation: 216162199b28c13a410421893ffa2e32 -> 
  custom:video-decoder-ogg-theora: a1e56fd34408186e4bbccfd4996cb3dc -> 
  custom:container-muxer-webm: aa71ff27fc2769a1b78a27578f13a17b -> 
  custom:container-demuxer-webm: 4f35f7cbe854078d1ac9338744f61a02 -> 
  custom:container-demuxer-ogg: 62fdf1f143b41e24485cea50d1cbac27 -> 
  custom:video-encoder-webm-vp8: eb34c28f22e8b96e1ab97ce403110664 -> 
  custom:video-decoder-webm-vp8: 9c59270c3fd7afecdb556c50c9e8de78 -> 
  custom:audio-decoder-ogg-vorbis: bf7c407c2cedff20999df2af8eb42d56 -> 
  custom:audio-encoder-webm-vorbis: bf7c407c2cedff20999df2af8eb42d56 -> 
========================================================================
Received Import Request.
  Time since last request: 368.790370 seconds.
  path: Assets/Scripts/Farming/RegrowableHarvestable.cs
  artifactKey: Guid(7c956b30b4afeb842820601fd927debe) Importer(815301076,1909f56bfc062723c751e8b465ee728b)
Start importing Assets/Scripts/Farming/RegrowableHarvestable.cs using Guid(7c956b30b4afeb842820601fd927debe) Importer(815301076,1909f56bfc062723c751e8b465ee728b)  -> (artifact id: '6ed04cbab5f4cc374a3f8c6d404eca2f') in 0.005756 seconds 
  Import took 0.008410 seconds .

========================================================================
Received Prepare
Registering precompiled user dll's ...
Registered in 0.006032 seconds.
Begin MonoManager ReloadAssembly
Native extension for WindowsStandalone target not found
Refreshing native plugins compatible for Editor in 0.42 ms, found 2 plugins.
Preloading 0 native plugins for Editor in 0.00 ms.
Mono: successfully reloaded assembly
- Completed reload, in  1.166 seconds
Domain Reload Profiling:
	ReloadAssembly (1166ms)
		BeginReloadAssembly (144ms)
			ExecutionOrderSort (0ms)
			DisableScriptedObjects (5ms)
			BackupInstance (0ms)
			ReleaseScriptingObjects (0ms)
			CreateAndSetChildDomain (31ms)
		EndReloadAssembly (933ms)
			LoadAssemblies (129ms)
			RebuildTransferFunctionScriptingTraits (0ms)
			SetupTypeCache (315ms)
			ReleaseScriptCaches (1ms)
			RebuildScriptCaches (46ms)
			SetupLoadedEditorAssemblies (344ms)
				LogAssemblyErrors (0ms)
				InitializePlatformSupportModulesInManaged (6ms)
				SetLoadedEditorAssemblies (1ms)
				RefreshPlugins (1ms)
				BeforeProcessingInitializeOnLoad (104ms)
				ProcessInitializeOnLoadAttributes (209ms)
				ProcessInitializeOnLoadMethodAttributes (11ms)
				AfterProcessingInitializeOnLoad (12ms)
				EditorAssembliesLoaded (0ms)
			ExecutionOrderSort2 (0ms)
			AwakeInstancesAfterBackupRestoration (9ms)
Platform modules already initialized, skipping
Refreshing native plugins compatible for Editor in 0.41 ms, found 2 plugins.
Preloading 0 native plugins for Editor in 0.00 ms.
Unloading 1544 Unused Serialized files (Serialized files now loaded: 0)
System memory in use before: 86.9 MB.
System memory in use after: 87.0 MB.

Unloading 15 unused Assets to reduce memory usage. Loaded Objects now: 1999.
Total: 2.979800 ms (FindLiveObjects: 0.151900 ms CreateObjectMapping: 0.048400 ms MarkObjects: 2.762000 ms  DeleteObjects: 0.016600 ms)

AssetImportParameters requested are different than current active one (requested -> active):
  custom:framework-win-MediaFoundation: 216162199b28c13a410421893ffa2e32 -> 
  custom:video-decoder-ogg-theora: a1e56fd34408186e4bbccfd4996cb3dc -> 
  custom:container-muxer-webm: aa71ff27fc2769a1b78a27578f13a17b -> 
  custom:container-demuxer-webm: 4f35f7cbe854078d1ac9338744f61a02 -> 
  custom:container-demuxer-ogg: 62fdf1f143b41e24485cea50d1cbac27 -> 
  custom:video-encoder-webm-vp8: eb34c28f22e8b96e1ab97ce403110664 -> 
  custom:video-decoder-webm-vp8: 9c59270c3fd7afecdb556c50c9e8de78 -> 
  custom:audio-decoder-ogg-vorbis: bf7c407c2cedff20999df2af8eb42d56 -> 
  custom:audio-encoder-webm-vorbis: bf7c407c2cedff20999df2af8eb42d56 -> 
========================================================================
Received Import Request.
  Time since last request: 17.069772 seconds.
  path: Assets/Scripts/Farming/RegrowableHarvestBehaviour.cs
  artifactKey: Guid(02284e9d4775c784aa0a71ed83a101e2) Importer(815301076,1909f56bfc062723c751e8b465ee728b)
Start importing Assets/Scripts/Farming/RegrowableHarvestBehaviour.cs using Guid(02284e9d4775c784aa0a71ed83a101e2) Importer(815301076,1909f56bfc062723c751e8b465ee728b)  -> (artifact id: '52b75c408eb76b9beb922f13592a3c53') in 0.006814 seconds 
  Import took 0.013266 seconds .

========================================================================
Received Prepare
Registering precompiled user dll's ...
Registered in 0.006057 seconds.
Begin MonoManager ReloadAssembly
Native extension for WindowsStandalone target not found
Refreshing native plugins compatible for Editor in 0.42 ms, found 2 plugins.
Preloading 0 native plugins for Editor in 0.00 ms.
Mono: successfully reloaded assembly
- Completed reload, in  1.119 seconds
Domain Reload Profiling:
	ReloadAssembly (1119ms)
		BeginReloadAssembly (122ms)
			ExecutionOrderSort (0ms)
			DisableScriptedObjects (5ms)
			BackupInstance (0ms)
			ReleaseScriptingObjects (0ms)
			CreateAndSetChildDomain (31ms)
		EndReloadAssembly (914ms)
			LoadAssemblies (116ms)
			RebuildTransferFunctionScriptingTraits (0ms)
			SetupTypeCache (313ms)
			ReleaseScriptCaches (1ms)
			RebuildScriptCaches (43ms)
			SetupLoadedEditorAssemblies (335ms)
				LogAssemblyErrors (0ms)
				InitializePlatformSupportModulesInManaged (5ms)
				SetLoadedEditorAssemblies (1ms)
				RefreshPlugins (0ms)
				BeforeProcessingInitializeOnLoad (101ms)
				ProcessInitializeOnLoadAttributes (205ms)
				ProcessInitializeOnLoadMethodAttributes (11ms)
				AfterProcessingInitializeOnLoad (12ms)
				EditorAssembliesLoaded (0ms)
			ExecutionOrderSort2 (0ms)
			AwakeInstancesAfterBackupRestoration (9ms)
Platform modules already initialized, skipping
Refreshing native plugins compatible for Editor in 0.41 ms, found 2 plugins.
Preloading 0 native plugins for Editor in 0.00 ms.
Unloading 1545 Unused Serialized files (Serialized files now loaded: 0)
System memory in use before: 86.9 MB.
System memory in use after: 87.1 MB.

Unloading 14 unused Assets to reduce memory usage. Loaded Objects now: 2002.
Total: 3.049200 ms (FindLiveObjects: 0.145100 ms CreateObjectMapping: 0.040300 ms MarkObjects: 2.847800 ms  DeleteObjects: 0.014400 ms)

AssetImportParameters requested are different than current active one (requested -> active):
  custom:framework-win-MediaFoundation: 216162199b28c13a410421893ffa2e32 -> 
  custom:video-decoder-ogg-theora: a1e56fd34408186e4bbccfd4996cb3dc -> 
  custom:container-muxer-webm: aa71ff27fc2769a1b78a27578f13a17b -> 
  custom:container-demuxer-webm: 4f35f7cbe854078d1ac9338744f61a02 -> 
  custom:container-demuxer-ogg: 62fdf1f143b41e24485cea50d1cbac27 -> 
  custom:video-encoder-webm-vp8: eb34c28f22e8b96e1ab97ce403110664 -> 
  custom:video-decoder-webm-vp8: 9c59270c3fd7afecdb556c50c9e8de78 -> 
  custom:audio-decoder-ogg-vorbis: bf7c407c2cedff20999df2af8eb42d56 -> 
  custom:audio-encoder-webm-vorbis: bf7c407c2cedff20999df2af8eb42d56 -> 
========================================================================
Received Prepare
Registering precompiled user dll's ...
Registered in 0.006458 seconds.
Begin MonoManager ReloadAssembly
Native extension for WindowsStandalone target not found
Refreshing native plugins compatible for Editor in 0.44 ms, found 2 plugins.
Preloading 0 native plugins for Editor in 0.00 ms.
Mono: successfully reloaded assembly
- Completed reload, in  1.144 seconds
Domain Reload Profiling:
	ReloadAssembly (1144ms)
		BeginReloadAssembly (137ms)
			ExecutionOrderSort (0ms)
			DisableScriptedObjects (5ms)
			BackupInstance (0ms)
			ReleaseScriptingObjects (0ms)
			CreateAndSetChildDomain (31ms)
		EndReloadAssembly (918ms)
			LoadAssemblies (116ms)
			RebuildTransferFunctionScriptingTraits (0ms)
			SetupTypeCache (320ms)
			ReleaseScriptCaches (1ms)
			RebuildScriptCaches (43ms)
			SetupLoadedEditorAssemblies (333ms)
				LogAssemblyErrors (0ms)
				InitializePlatformSupportModulesInManaged (6ms)
				SetLoadedEditorAssemblies (1ms)
				RefreshPlugins (1ms)
				BeforeProcessingInitializeOnLoad (100ms)
				ProcessInitializeOnLoadAttributes (204ms)
				ProcessInitializeOnLoadMethodAttributes (11ms)
				AfterProcessingInitializeOnLoad (12ms)
				EditorAssembliesLoaded (0ms)
			ExecutionOrderSort2 (0ms)
			AwakeInstancesAfterBackupRestoration (8ms)
Platform modules already initialized, skipping
Refreshing native plugins compatible for Editor in 0.42 ms, found 2 plugins.
Preloading 0 native plugins for Editor in 0.00 ms.
Unloading 1545 Unused Serialized files (Serialized files now loaded: 0)
System memory in use before: 87.0 MB.
System memory in use after: 87.1 MB.

Unloading 14 unused Assets to reduce memory usage. Loaded Objects now: 2004.
Total: 3.219100 ms (FindLiveObjects: 0.144400 ms CreateObjectMapping: 0.041400 ms MarkObjects: 3.015300 ms  DeleteObjects: 0.016800 ms)

AssetImportParameters requested are different than current active one (requested -> active):
  custom:framework-win-MediaFoundation: 216162199b28c13a410421893ffa2e32 -> 
  custom:video-decoder-ogg-theora: a1e56fd34408186e4bbccfd4996cb3dc -> 
  custom:container-muxer-webm: aa71ff27fc2769a1b78a27578f13a17b -> 
  custom:container-demuxer-webm: 4f35f7cbe854078d1ac9338744f61a02 -> 
  custom:container-demuxer-ogg: 62fdf1f143b41e24485cea50d1cbac27 -> 
  custom:video-encoder-webm-vp8: eb34c28f22e8b96e1ab97ce403110664 -> 
  custom:video-decoder-webm-vp8: 9c59270c3fd7afecdb556c50c9e8de78 -> 
  custom:audio-decoder-ogg-vorbis: bf7c407c2cedff20999df2af8eb42d56 -> 
  custom:audio-encoder-webm-vorbis: bf7c407c2cedff20999df2af8eb42d56 -> 
========================================================================
Received Prepare
Registering precompiled user dll's ...
Registered in 0.006371 seconds.
Begin MonoManager ReloadAssembly
Native extension for WindowsStandalone target not found
Refreshing native plugins compatible for Editor in 0.45 ms, found 2 plugins.
Preloading 0 native plugins for Editor in 0.00 ms.
Mono: successfully reloaded assembly
- Completed reload, in  1.179 seconds
Domain Reload Profiling:
	ReloadAssembly (1180ms)
		BeginReloadAssembly (134ms)
			ExecutionOrderSort (0ms)
			DisableScriptedObjects (6ms)
			BackupInstance (0ms)
			ReleaseScriptingObjects (0ms)
			CreateAndSetChildDomain (33ms)
		EndReloadAssembly (962ms)
			LoadAssemblies (120ms)
			RebuildTransferFunctionScriptingTraits (0ms)
			SetupTypeCache (333ms)
			ReleaseScriptCaches (1ms)
			RebuildScriptCaches (44ms)
			SetupLoadedEditorAssemblies (357ms)
				LogAssemblyErrors (0ms)
				InitializePlatformSupportModulesInManaged (7ms)
				SetLoadedEditorAssemblies (1ms)
				RefreshPlugins (1ms)
				BeforeProcessingInitializeOnLoad (107ms)
				ProcessInitializeOnLoadAttributes (219ms)
				ProcessInitializeOnLoadMethodAttributes (11ms)
				AfterProcessingInitializeOnLoad (12ms)
				EditorAssembliesLoaded (0ms)
			ExecutionOrderSort2 (0ms)
			AwakeInstancesAfterBackupRestoration (8ms)
Platform modules already initialized, skipping
Refreshing native plugins compatible for Editor in 0.44 ms, found 2 plugins.
Preloading 0 native plugins for Editor in 0.00 ms.
Unloading 1545 Unused Serialized files (Serialized files now loaded: 0)
System memory in use before: 87.0 MB.
System memory in use after: 87.1 MB.

Unloading 14 unused Assets to reduce memory usage. Loaded Objects now: 2006.
Total: 3.187000 ms (FindLiveObjects: 0.171200 ms CreateObjectMapping: 0.040500 ms MarkObjects: 2.956800 ms  DeleteObjects: 0.017000 ms)

AssetImportParameters requested are different than current active one (requested -> active):
  custom:framework-win-MediaFoundation: 216162199b28c13a410421893ffa2e32 -> 
  custom:video-decoder-ogg-theora: a1e56fd34408186e4bbccfd4996cb3dc -> 
  custom:container-muxer-webm: aa71ff27fc2769a1b78a27578f13a17b -> 
  custom:container-demuxer-webm: 4f35f7cbe854078d1ac9338744f61a02 -> 
  custom:container-demuxer-ogg: 62fdf1f143b41e24485cea50d1cbac27 -> 
  custom:video-encoder-webm-vp8: eb34c28f22e8b96e1ab97ce403110664 -> 
  custom:video-decoder-webm-vp8: 9c59270c3fd7afecdb556c50c9e8de78 -> 
  custom:audio-decoder-ogg-vorbis: bf7c407c2cedff20999df2af8eb42d56 -> 
  custom:audio-encoder-webm-vorbis: bf7c407c2cedff20999df2af8eb42d56 -> 
========================================================================
Received Import Request.
  Time since last request: 877.613732 seconds.
  path: Assets/Prefabs/Crops/TomatoHarvestable.prefab
  artifactKey: Guid(1390959a0a73370428e5369113516adc) Importer(815301076,1909f56bfc062723c751e8b465ee728b)
Start importing Assets/Prefabs/Crops/TomatoHarvestable.prefab using Guid(1390959a0a73370428e5369113516adc) Importer(815301076,1909f56bfc062723c751e8b465ee728b)  -> (artifact id: '401bf29b9f492378157f65e8a6668c27') in 0.073193 seconds 
  Import took 0.094502 seconds .

========================================================================
Received Import Request.
  Time since last request: 116.332445 seconds.
  path: Assets/Prefabs/Crops/TomatoSeedling.prefab
  artifactKey: Guid(3a7552bf6a57b4646b79b5466998000f) Importer(815301076,1909f56bfc062723c751e8b465ee728b)
Start importing Assets/Prefabs/Crops/TomatoSeedling.prefab using Guid(3a7552bf6a57b4646b79b5466998000f) Importer(815301076,1909f56bfc062723c751e8b465ee728b)  -> (artifact id: 'fd00714bbbba63731d804a075ea0a167') in 0.011552 seconds 
  Import took 0.014655 seconds .

========================================================================
Received Import Request.
  Time since last request: 61.458699 seconds.
  path: Assets/Imported Assets/Farmland/Dirt/Materials/Dirt 1.mat
  artifactKey: Guid(1006c0e6f289baf42bff6789a774bf22) Importer(815301076,1909f56bfc062723c751e8b465ee728b)
Start importing Assets/Imported Assets/Farmland/Dirt/Materials/Dirt 1.mat using Guid(1006c0e6f289baf42bff6789a774bf22) Importer(815301076,1909f56bfc062723c751e8b465ee728b)  -> (artifact id: 'e2232b6a84195ceeb9d1d121b6d941bb') in 0.050628 seconds 
  Import took 0.053977 seconds .

========================================================================
Received Import Request.
  Time since last request: 5.869511 seconds.
  path: Assets/Imported Assets/Farmland/Dirt/Materials/WiltedPlant.mat
  artifactKey: Guid(1006c0e6f289baf42bff6789a774bf22) Importer(815301076,1909f56bfc062723c751e8b465ee728b)
Start importing Assets/Imported Assets/Farmland/Dirt/Materials/WiltedPlant.mat using Guid(1006c0e6f289baf42bff6789a774bf22) Importer(815301076,1909f56bfc062723c751e8b465ee728b)  -> (artifact id: '93dc0c380109aae0b784aa1fda46c15a') in 0.040227 seconds 
  Import took 0.043377 seconds .

========================================================================
Received Import Request.
  Time since last request: 28.767280 seconds.
  path: Assets/Prefabs/Crops/Wilted.prefab
  artifactKey: Guid(a92c15ea880e4434ca872081f30bb925) Importer(815301076,1909f56bfc062723c751e8b465ee728b)
Start importing Assets/Prefabs/Crops/Wilted.prefab using Guid(a92c15ea880e4434ca872081f30bb925) Importer(815301076,1909f56bfc062723c751e8b465ee728b)  -> (artifact id: '5657ad93ad98647755af3cb7dbd398eb') in 0.020305 seconds 
  Import took 0.035972 seconds .

========================================================================
Received Import Request.
  Time since last request: 10.642810 seconds.
  path: Assets/Prefabs/Crops/Crop.prefab
  artifactKey: Guid(2009a7bde842c3f4ca29bb0d66f6acb7) Importer(815301076,1909f56bfc062723c751e8b465ee728b)
Start importing Assets/Prefabs/Crops/Crop.prefab using Guid(2009a7bde842c3f4ca29bb0d66f6acb7) Importer(815301076,1909f56bfc062723c751e8b465ee728b)  -> (artifact id: 'c36d1da4d4402fb13f8db57fe30b956c') in 0.022727 seconds 
  Import took 0.040601 seconds .

========================================================================
Received Import Request.
  Time since last request: 7.986645 seconds.
  path: Assets/Prefabs/Crops/Crop.prefab
  artifactKey: Guid(2009a7bde842c3f4ca29bb0d66f6acb7) Importer(815301076,1909f56bfc062723c751e8b465ee728b)
Start importing Assets/Prefabs/Crops/Crop.prefab using Guid(2009a7bde842c3f4ca29bb0d66f6acb7) Importer(815301076,1909f56bfc062723c751e8b465ee728b)  -> (artifact id: '32ed28c6cb519315bb474928c55a7534') in 0.027828 seconds 
  Import took 0.031305 seconds .

========================================================================
Received Import Request.
  Time since last request: 3.600111 seconds.
  path: Assets/Prefabs/Crops/Crop.prefab
  artifactKey: Guid(2009a7bde842c3f4ca29bb0d66f6acb7) Importer(815301076,1909f56bfc062723c751e8b465ee728b)
Start importing Assets/Prefabs/Crops/Crop.prefab using Guid(2009a7bde842c3f4ca29bb0d66f6acb7) Importer(815301076,1909f56bfc062723c751e8b465ee728b)  -> (artifact id: '89504aecc4af4cdbe2b9bf1605e5d826') in 0.028371 seconds 
  Import took 0.042306 seconds .

========================================================================
Received Import Request.
  Time since last request: 1.370434 seconds.
  path: Assets/Prefabs/Crops/Crop.prefab
  artifactKey: Guid(2009a7bde842c3f4ca29bb0d66f6acb7) Importer(815301076,1909f56bfc062723c751e8b465ee728b)
Start importing Assets/Prefabs/Crops/Crop.prefab using Guid(2009a7bde842c3f4ca29bb0d66f6acb7) Importer(815301076,1909f56bfc062723c751e8b465ee728b)  -> (artifact id: '8f43d1773af8a937536c9b98e25f8cdf') in 0.025499 seconds 
  Import took 0.048879 seconds .

========================================================================
Received Import Request.
  Time since last request: 2.978150 seconds.
  path: Assets/Prefabs/Crops/Crop.prefab
  artifactKey: Guid(2009a7bde842c3f4ca29bb0d66f6acb7) Importer(815301076,1909f56bfc062723c751e8b465ee728b)
Start importing Assets/Prefabs/Crops/Crop.prefab using Guid(2009a7bde842c3f4ca29bb0d66f6acb7) Importer(815301076,1909f56bfc062723c751e8b465ee728b)  -> (artifact id: 'f5c2dc53b8d16b603154b20fc6171167') in 0.023027 seconds 
  Import took 0.026373 seconds .

========================================================================
Received Import Request.
  Time since last request: 1.175184 seconds.
  path: Assets/Prefabs/Crops/Crop.prefab
  artifactKey: Guid(2009a7bde842c3f4ca29bb0d66f6acb7) Importer(815301076,1909f56bfc062723c751e8b465ee728b)
Start importing Assets/Prefabs/Crops/Crop.prefab using Guid(2009a7bde842c3f4ca29bb0d66f6acb7) Importer(815301076,1909f56bfc062723c751e8b465ee728b)  -> (artifact id: 'b1921889a9b2c5c5d4ecde584d9a4f9f') in 0.025935 seconds 
  Import took 0.029437 seconds .

========================================================================
Received Import Request.
  Time since last request: 20.707798 seconds.
  path: Assets/Prefabs/Crops/Crop.prefab
  artifactKey: Guid(2009a7bde842c3f4ca29bb0d66f6acb7) Importer(815301076,1909f56bfc062723c751e8b465ee728b)
Start importing Assets/Prefabs/Crops/Crop.prefab using Guid(2009a7bde842c3f4ca29bb0d66f6acb7) Importer(815301076,1909f56bfc062723c751e8b465ee728b)  -> (artifact id: 'e657dbc35f6f271934dcba5a960dbcf3') in 0.015402 seconds 
  Import took 0.032184 seconds .

========================================================================
Received Import Request.
  Time since last request: 14.833576 seconds.
  path: Assets/Imported Assets/Farmland/Cartoon_Farm_Crops/Scenes
  artifactKey: Guid(2d31bdbebf440f642822ffc9caace8df) Importer(815301076,1909f56bfc062723c751e8b465ee728b)
Start importing Assets/Imported Assets/Farmland/Cartoon_Farm_Crops/Scenes using Guid(2d31bdbebf440f642822ffc9caace8df) Importer(815301076,1909f56bfc062723c751e8b465ee728b)  -> (artifact id: 'ebadff56b16708347c5a894471d27f26') in 0.002768 seconds 
  Import took 0.005562 seconds .

========================================================================
Received Prepare
Registering precompiled user dll's ...
Registered in 0.006151 seconds.
Begin MonoManager ReloadAssembly
Native extension for WindowsStandalone target not found
Refreshing native plugins compatible for Editor in 0.43 ms, found 2 plugins.
Preloading 0 native plugins for Editor in 0.00 ms.
Mono: successfully reloaded assembly
- Completed reload, in  1.142 seconds
Domain Reload Profiling:
	ReloadAssembly (1142ms)
		BeginReloadAssembly (135ms)
			ExecutionOrderSort (0ms)
			DisableScriptedObjects (5ms)
			BackupInstance (0ms)
			ReleaseScriptingObjects (0ms)
			CreateAndSetChildDomain (33ms)
		EndReloadAssembly (925ms)
			LoadAssemblies (115ms)
			RebuildTransferFunctionScriptingTraits (0ms)
			SetupTypeCache (315ms)
			ReleaseScriptCaches (1ms)
			RebuildScriptCaches (42ms)
			SetupLoadedEditorAssemblies (341ms)
				LogAssemblyErrors (0ms)
				InitializePlatformSupportModulesInManaged (6ms)
				SetLoadedEditorAssemblies (1ms)
				RefreshPlugins (1ms)
				BeforeProcessingInitializeOnLoad (104ms)
				ProcessInitializeOnLoadAttributes (207ms)
				ProcessInitializeOnLoadMethodAttributes (11ms)
				AfterProcessingInitializeOnLoad (11ms)
				EditorAssembliesLoaded (0ms)
			ExecutionOrderSort2 (0ms)
			AwakeInstancesAfterBackupRestoration (8ms)
Platform modules already initialized, skipping
Refreshing native plugins compatible for Editor in 0.41 ms, found 2 plugins.
Preloading 0 native plugins for Editor in 0.00 ms.
Unloading 1545 Unused Serialized files (Serialized files now loaded: 0)
System memory in use before: 87.3 MB.
System memory in use after: 87.4 MB.

Unloading 14 unused Assets to reduce memory usage. Loaded Objects now: 2042.
Total: 3.158600 ms (FindLiveObjects: 0.162400 ms CreateObjectMapping: 0.040400 ms MarkObjects: 2.937700 ms  DeleteObjects: 0.017100 ms)

AssetImportParameters requested are different than current active one (requested -> active):
  custom:framework-win-MediaFoundation: 216162199b28c13a410421893ffa2e32 -> 
  custom:video-decoder-ogg-theora: a1e56fd34408186e4bbccfd4996cb3dc -> 
  custom:container-muxer-webm: aa71ff27fc2769a1b78a27578f13a17b -> 
  custom:container-demuxer-webm: 4f35f7cbe854078d1ac9338744f61a02 -> 
  custom:container-demuxer-ogg: 62fdf1f143b41e24485cea50d1cbac27 -> 
  custom:video-encoder-webm-vp8: eb34c28f22e8b96e1ab97ce403110664 -> 
  custom:video-decoder-webm-vp8: 9c59270c3fd7afecdb556c50c9e8de78 -> 
  custom:audio-decoder-ogg-vorbis: bf7c407c2cedff20999df2af8eb42d56 -> 
  custom:audio-encoder-webm-vorbis: bf7c407c2cedff20999df2af8eb42d56 -> 
========================================================================
Received Import Request.
  Time since last request: 155.933826 seconds.
  path: Assets/Prefabs/Crops/Crop.prefab
  artifactKey: Guid(2009a7bde842c3f4ca29bb0d66f6acb7) Importer(815301076,1909f56bfc062723c751e8b465ee728b)
Start importing Assets/Prefabs/Crops/Crop.prefab using Guid(2009a7bde842c3f4ca29bb0d66f6acb7) Importer(815301076,1909f56bfc062723c751e8b465ee728b)  -> (artifact id: '388310b31934e28a75a3d472f2e8dc42') in 0.076581 seconds 
  Import took 0.095836 seconds .

========================================================================
Received Prepare
Registering precompiled user dll's ...
Registered in 0.006397 seconds.
Begin MonoManager ReloadAssembly
Native extension for WindowsStandalone target not found
Refreshing native plugins compatible for Editor in 0.43 ms, found 2 plugins.
Preloading 0 native plugins for Editor in 0.00 ms.
Mono: successfully reloaded assembly
- Completed reload, in  1.152 seconds
Domain Reload Profiling:
	ReloadAssembly (1153ms)
		BeginReloadAssembly (135ms)
			ExecutionOrderSort (0ms)
			DisableScriptedObjects (5ms)
			BackupInstance (0ms)
			ReleaseScriptingObjects (0ms)
			CreateAndSetChildDomain (32ms)
		EndReloadAssembly (935ms)
			LoadAssemblies (120ms)
			RebuildTransferFunctionScriptingTraits (0ms)
			SetupTypeCache (322ms)
			ReleaseScriptCaches (1ms)
			RebuildScriptCaches (43ms)
			SetupLoadedEditorAssemblies (344ms)
				LogAssemblyErrors (0ms)
				InitializePlatformSupportModulesInManaged (6ms)
				SetLoadedEditorAssemblies (1ms)
				RefreshPlugins (1ms)
				BeforeProcessingInitializeOnLoad (102ms)
				ProcessInitializeOnLoadAttributes (212ms)
				ProcessInitializeOnLoadMethodAttributes (12ms)
				AfterProcessingInitializeOnLoad (12ms)
				EditorAssembliesLoaded (0ms)
			ExecutionOrderSort2 (0ms)
			AwakeInstancesAfterBackupRestoration (8ms)
Platform modules already initialized, skipping
Refreshing native plugins compatible for Editor in 0.42 ms, found 2 plugins.
Preloading 0 native plugins for Editor in 0.00 ms.
Unloading 1545 Unused Serialized files (Serialized files now loaded: 0)
System memory in use before: 87.3 MB.
System memory in use after: 87.4 MB.

Unloading 14 unused Assets to reduce memory usage. Loaded Objects now: 2045.
Total: 3.447600 ms (FindLiveObjects: 0.158900 ms CreateObjectMapping: 0.041800 ms MarkObjects: 3.224300 ms  DeleteObjects: 0.021300 ms)

AssetImportParameters requested are different than current active one (requested -> active):
  custom:framework-win-MediaFoundation: 216162199b28c13a410421893ffa2e32 -> 
  custom:video-decoder-ogg-theora: a1e56fd34408186e4bbccfd4996cb3dc -> 
  custom:container-muxer-webm: aa71ff27fc2769a1b78a27578f13a17b -> 
  custom:container-demuxer-webm: 4f35f7cbe854078d1ac9338744f61a02 -> 
  custom:container-demuxer-ogg: 62fdf1f143b41e24485cea50d1cbac27 -> 
  custom:video-encoder-webm-vp8: eb34c28f22e8b96e1ab97ce403110664 -> 
  custom:video-decoder-webm-vp8: 9c59270c3fd7afecdb556c50c9e8de78 -> 
  custom:audio-decoder-ogg-vorbis: bf7c407c2cedff20999df2af8eb42d56 -> 
  custom:audio-encoder-webm-vorbis: bf7c407c2cedff20999df2af8eb42d56 -> 
========================================================================
Received Import Request.
  Time since last request: 26.669411 seconds.
  path: Assets/Prefabs/Crops/Crop.prefab
  artifactKey: Guid(2009a7bde842c3f4ca29bb0d66f6acb7) Importer(815301076,1909f56bfc062723c751e8b465ee728b)
Start importing Assets/Prefabs/Crops/Crop.prefab using Guid(2009a7bde842c3f4ca29bb0d66f6acb7) Importer(815301076,1909f56bfc062723c751e8b465ee728b)  -> (artifact id: 'e856f3d85d175cdf1236a8a428ce03c7') in 0.081650 seconds 
  Import took 0.107310 seconds .

========================================================================
Received Import Request.
  Time since last request: 0.492813 seconds.
  path: Assets/Prefabs/Crops/Crop.prefab
  artifactKey: Guid(2009a7bde842c3f4ca29bb0d66f6acb7) Importer(815301076,1909f56bfc062723c751e8b465ee728b)
Start importing Assets/Prefabs/Crops/Crop.prefab using Guid(2009a7bde842c3f4ca29bb0d66f6acb7) Importer(815301076,1909f56bfc062723c751e8b465ee728b)  -> (artifact id: 'e82b5a0684e8f0576d871c1027d5709a') in 0.023865 seconds 
  Import took 0.027217 seconds .

========================================================================
Received Prepare
Registering precompiled user dll's ...
Registered in 0.006176 seconds.
Begin MonoManager ReloadAssembly
Native extension for WindowsStandalone target not found
Refreshing native plugins compatible for Editor in 0.42 ms, found 2 plugins.
Preloading 0 native plugins for Editor in 0.00 ms.
Mono: successfully reloaded assembly
- Completed reload, in  1.161 seconds
Domain Reload Profiling:
	ReloadAssembly (1161ms)
		BeginReloadAssembly (132ms)
			ExecutionOrderSort (0ms)
			DisableScriptedObjects (5ms)
			BackupInstance (0ms)
			ReleaseScriptingObjects (0ms)
			CreateAndSetChildDomain (32ms)
		EndReloadAssembly (937ms)
			LoadAssemblies (115ms)
			RebuildTransferFunctionScriptingTraits (0ms)
			SetupTypeCache (327ms)
			ReleaseScriptCaches (1ms)
			RebuildScriptCaches (42ms)
			SetupLoadedEditorAssemblies (340ms)
				LogAssemblyErrors (0ms)
				InitializePlatformSupportModulesInManaged (5ms)
				SetLoadedEditorAssemblies (1ms)
				RefreshPlugins (1ms)
				BeforeProcessingInitializeOnLoad (101ms)
				ProcessInitializeOnLoadAttributes (209ms)
				ProcessInitializeOnLoadMethodAttributes (11ms)
				AfterProcessingInitializeOnLoad (12ms)
				EditorAssembliesLoaded (0ms)
			ExecutionOrderSort2 (0ms)
			AwakeInstancesAfterBackupRestoration (12ms)
Platform modules already initialized, skipping
Refreshing native plugins compatible for Editor in 0.45 ms, found 2 plugins.
Preloading 0 native plugins for Editor in 0.00 ms.
Unloading 1545 Unused Serialized files (Serialized files now loaded: 0)
System memory in use before: 87.3 MB.
System memory in use after: 87.4 MB.

Unloading 14 unused Assets to reduce memory usage. Loaded Objects now: 2048.
Total: 3.231200 ms (FindLiveObjects: 0.175200 ms CreateObjectMapping: 0.048200 ms MarkObjects: 2.989400 ms  DeleteObjects: 0.017300 ms)

AssetImportParameters requested are different than current active one (requested -> active):
  custom:framework-win-MediaFoundation: 216162199b28c13a410421893ffa2e32 -> 
  custom:video-decoder-ogg-theora: a1e56fd34408186e4bbccfd4996cb3dc -> 
  custom:container-muxer-webm: aa71ff27fc2769a1b78a27578f13a17b -> 
  custom:container-demuxer-webm: 4f35f7cbe854078d1ac9338744f61a02 -> 
  custom:container-demuxer-ogg: 62fdf1f143b41e24485cea50d1cbac27 -> 
  custom:video-encoder-webm-vp8: eb34c28f22e8b96e1ab97ce403110664 -> 
  custom:video-decoder-webm-vp8: 9c59270c3fd7afecdb556c50c9e8de78 -> 
  custom:audio-decoder-ogg-vorbis: bf7c407c2cedff20999df2af8eb42d56 -> 
  custom:audio-encoder-webm-vorbis: bf7c407c2cedff20999df2af8eb42d56 -> 
========================================================================
Received Import Request.
  Time since last request: 525.123106 seconds.
  path: Assets/Prefabs/Crops/Crop.prefab
  artifactKey: Guid(2009a7bde842c3f4ca29bb0d66f6acb7) Importer(815301076,1909f56bfc062723c751e8b465ee728b)
Start importing Assets/Prefabs/Crops/Crop.prefab using Guid(2009a7bde842c3f4ca29bb0d66f6acb7) Importer(815301076,1909f56bfc062723c751e8b465ee728b)  -> (artifact id: '71afc7c090f238799191137605ee3cbe') in 0.076093 seconds 
  Import took 0.079383 seconds .

========================================================================
Received Prepare
Registering precompiled user dll's ...
Registered in 0.006254 seconds.
Begin MonoManager ReloadAssembly
Native extension for WindowsStandalone target not found
Refreshing native plugins compatible for Editor in 0.44 ms, found 2 plugins.
Preloading 0 native plugins for Editor in 0.00 ms.
Mono: successfully reloaded assembly
- Completed reload, in  1.135 seconds
Domain Reload Profiling:
	ReloadAssembly (1136ms)
		BeginReloadAssembly (131ms)
			ExecutionOrderSort (0ms)
			DisableScriptedObjects (5ms)
			BackupInstance (0ms)
			ReleaseScriptingObjects (0ms)
			CreateAndSetChildDomain (31ms)
		EndReloadAssembly (923ms)
			LoadAssemblies (117ms)
			RebuildTransferFunctionScriptingTraits (0ms)
			SetupTypeCache (314ms)
			ReleaseScriptCaches (1ms)
			RebuildScriptCaches (42ms)
			SetupLoadedEditorAssemblies (344ms)
				LogAssemblyErrors (0ms)
				InitializePlatformSupportModulesInManaged (6ms)
				SetLoadedEditorAssemblies (1ms)
				RefreshPlugins (1ms)
				BeforeProcessingInitializeOnLoad (108ms)
				ProcessInitializeOnLoadAttributes (207ms)
				ProcessInitializeOnLoadMethodAttributes (11ms)
				AfterProcessingInitializeOnLoad (12ms)
				EditorAssembliesLoaded (0ms)
			ExecutionOrderSort2 (0ms)
			AwakeInstancesAfterBackupRestoration (8ms)
Platform modules already initialized, skipping
Refreshing native plugins compatible for Editor in 0.42 ms, found 2 plugins.
Preloading 0 native plugins for Editor in 0.00 ms.
Unloading 1545 Unused Serialized files (Serialized files now loaded: 0)
System memory in use before: 87.3 MB.
System memory in use after: 87.4 MB.

Unloading 14 unused Assets to reduce memory usage. Loaded Objects now: 2051.
Total: 3.002700 ms (FindLiveObjects: 0.147600 ms CreateObjectMapping: 0.041200 ms MarkObjects: 2.797500 ms  DeleteObjects: 0.015300 ms)

AssetImportParameters requested are different than current active one (requested -> active):
  custom:framework-win-MediaFoundation: 216162199b28c13a410421893ffa2e32 -> 
  custom:video-decoder-ogg-theora: a1e56fd34408186e4bbccfd4996cb3dc -> 
  custom:container-muxer-webm: aa71ff27fc2769a1b78a27578f13a17b -> 
  custom:container-demuxer-webm: 4f35f7cbe854078d1ac9338744f61a02 -> 
  custom:container-demuxer-ogg: 62fdf1f143b41e24485cea50d1cbac27 -> 
  custom:video-encoder-webm-vp8: eb34c28f22e8b96e1ab97ce403110664 -> 
  custom:video-decoder-webm-vp8: 9c59270c3fd7afecdb556c50c9e8de78 -> 
  custom:audio-decoder-ogg-vorbis: bf7c407c2cedff20999df2af8eb42d56 -> 
  custom:audio-encoder-webm-vorbis: bf7c407c2cedff20999df2af8eb42d56 -> 
========================================================================
Received Prepare
Registering precompiled user dll's ...
Registered in 0.006592 seconds.
Begin MonoManager ReloadAssembly
Native extension for WindowsStandalone target not found
Refreshing native plugins compatible for Editor in 0.48 ms, found 2 plugins.
Preloading 0 native plugins for Editor in 0.00 ms.
Mono: successfully reloaded assembly
- Completed reload, in  1.180 seconds
Domain Reload Profiling:
	ReloadAssembly (1181ms)
		BeginReloadAssembly (132ms)
			ExecutionOrderSort (0ms)
			DisableScriptedObjects (6ms)
			BackupInstance (0ms)
			ReleaseScriptingObjects (0ms)
			CreateAndSetChildDomain (36ms)
		EndReloadAssembly (964ms)
			LoadAssemblies (120ms)
			RebuildTransferFunctionScriptingTraits (0ms)
			SetupTypeCache (334ms)
			ReleaseScriptCaches (1ms)
			RebuildScriptCaches (45ms)
			SetupLoadedEditorAssemblies (357ms)
				LogAssemblyErrors (0ms)
				InitializePlatformSupportModulesInManaged (6ms)
				SetLoadedEditorAssemblies (1ms)
				RefreshPlugins (1ms)
				BeforeProcessingInitializeOnLoad (105ms)
				ProcessInitializeOnLoadAttributes (221ms)
				ProcessInitializeOnLoadMethodAttributes (12ms)
				AfterProcessingInitializeOnLoad (12ms)
				EditorAssembliesLoaded (0ms)
			ExecutionOrderSort2 (0ms)
			AwakeInstancesAfterBackupRestoration (8ms)
Platform modules already initialized, skipping
Refreshing native plugins compatible for Editor in 0.43 ms, found 2 plugins.
Preloading 0 native plugins for Editor in 0.00 ms.
Unloading 1545 Unused Serialized files (Serialized files now loaded: 0)
System memory in use before: 87.3 MB.
System memory in use after: 87.4 MB.

Unloading 14 unused Assets to reduce memory usage. Loaded Objects now: 2053.
Total: 3.307300 ms (FindLiveObjects: 0.173400 ms CreateObjectMapping: 0.042100 ms MarkObjects: 3.072100 ms  DeleteObjects: 0.018100 ms)

AssetImportParameters requested are different than current active one (requested -> active):
  custom:framework-win-MediaFoundation: 216162199b28c13a410421893ffa2e32 -> 
  custom:video-decoder-ogg-theora: a1e56fd34408186e4bbccfd4996cb3dc -> 
  custom:container-muxer-webm: aa71ff27fc2769a1b78a27578f13a17b -> 
  custom:container-demuxer-webm: 4f35f7cbe854078d1ac9338744f61a02 -> 
  custom:container-demuxer-ogg: 62fdf1f143b41e24485cea50d1cbac27 -> 
  custom:video-encoder-webm-vp8: eb34c28f22e8b96e1ab97ce403110664 -> 
  custom:video-decoder-webm-vp8: 9c59270c3fd7afecdb556c50c9e8de78 -> 
  custom:audio-decoder-ogg-vorbis: bf7c407c2cedff20999df2af8eb42d56 -> 
  custom:audio-encoder-webm-vorbis: bf7c407c2cedff20999df2af8eb42d56 -> 
========================================================================
Received Import Request.
  Time since last request: 177.774935 seconds.
  path: Assets/Data/Tools/Sythe.asset
  artifactKey: Guid(29021292b5de84a408062bbad99a250c) Importer(815301076,1909f56bfc062723c751e8b465ee728b)
Start importing Assets/Data/Tools/Sythe.asset using Guid(29021292b5de84a408062bbad99a250c) Importer(815301076,1909f56bfc062723c751e8b465ee728b)  -> (artifact id: '36b8a81048df52fbb4d9d6dadc3b9ecb') in 0.015551 seconds 
  Import took 0.030063 seconds .

========================================================================
Received Import Request.
  Time since last request: 5.701723 seconds.
  path: Assets/Data/Tools/Shovel.asset
  artifactKey: Guid(29021292b5de84a408062bbad99a250c) Importer(815301076,1909f56bfc062723c751e8b465ee728b)
Start importing Assets/Data/Tools/Shovel.asset using Guid(29021292b5de84a408062bbad99a250c) Importer(815301076,1909f56bfc062723c751e8b465ee728b)  -> (artifact id: '4afec14fe6eef39062820944b755ab66') in 0.003657 seconds 
  Import took 0.006994 seconds .

========================================================================
Received Prepare
Registering precompiled user dll's ...
Registered in 0.006606 seconds.
Begin MonoManager ReloadAssembly
Native extension for WindowsStandalone target not found
Refreshing native plugins compatible for Editor in 0.44 ms, found 2 plugins.
Preloading 0 native plugins for Editor in 0.00 ms.
Mono: successfully reloaded assembly
- Completed reload, in  1.124 seconds
Domain Reload Profiling:
	ReloadAssembly (1124ms)
		BeginReloadAssembly (126ms)
			ExecutionOrderSort (0ms)
			DisableScriptedObjects (5ms)
			BackupInstance (0ms)
			ReleaseScriptingObjects (0ms)
			CreateAndSetChildDomain (32ms)
		EndReloadAssembly (919ms)
			LoadAssemblies (117ms)
			RebuildTransferFunctionScriptingTraits (0ms)
			SetupTypeCache (313ms)
			ReleaseScriptCaches (1ms)
			RebuildScriptCaches (43ms)
			SetupLoadedEditorAssemblies (341ms)
				LogAssemblyErrors (0ms)
				InitializePlatformSupportModulesInManaged (5ms)
				SetLoadedEditorAssemblies (1ms)
				RefreshPlugins (1ms)
				BeforeProcessingInitializeOnLoad (101ms)
				ProcessInitializeOnLoadAttributes (211ms)
				ProcessInitializeOnLoadMethodAttributes (11ms)
				AfterProcessingInitializeOnLoad (12ms)
				EditorAssembliesLoaded (0ms)
			ExecutionOrderSort2 (0ms)
			AwakeInstancesAfterBackupRestoration (8ms)
Platform modules already initialized, skipping
Refreshing native plugins compatible for Editor in 0.44 ms, found 2 plugins.
Preloading 0 native plugins for Editor in 0.00 ms.
Unloading 1545 Unused Serialized files (Serialized files now loaded: 0)
System memory in use before: 87.3 MB.
System memory in use after: 87.4 MB.

Unloading 14 unused Assets to reduce memory usage. Loaded Objects now: 2055.
Total: 3.090200 ms (FindLiveObjects: 0.183000 ms CreateObjectMapping: 0.043200 ms MarkObjects: 2.847200 ms  DeleteObjects: 0.015200 ms)

AssetImportParameters requested are different than current active one (requested -> active):
  custom:framework-win-MediaFoundation: 216162199b28c13a410421893ffa2e32 -> 
  custom:video-decoder-ogg-theora: a1e56fd34408186e4bbccfd4996cb3dc -> 
  custom:container-muxer-webm: aa71ff27fc2769a1b78a27578f13a17b -> 
  custom:container-demuxer-webm: 4f35f7cbe854078d1ac9338744f61a02 -> 
  custom:container-demuxer-ogg: 62fdf1f143b41e24485cea50d1cbac27 -> 
  custom:video-encoder-webm-vp8: eb34c28f22e8b96e1ab97ce403110664 -> 
  custom:video-decoder-webm-vp8: 9c59270c3fd7afecdb556c50c9e8de78 -> 
  custom:audio-decoder-ogg-vorbis: bf7c407c2cedff20999df2af8eb42d56 -> 
  custom:audio-encoder-webm-vorbis: bf7c407c2cedff20999df2af8eb42d56 -> 
========================================================================
Received Import Request.
  Time since last request: 42.233974 seconds.
  path: Assets/Scripts/Inventory/EquipmentData.cs
  artifactKey: Guid(fa2fd0c27b83a8c48b4fb58189e936f1) Importer(815301076,1909f56bfc062723c751e8b465ee728b)
Start importing Assets/Scripts/Inventory/EquipmentData.cs using Guid(fa2fd0c27b83a8c48b4fb58189e936f1) Importer(815301076,1909f56bfc062723c751e8b465ee728b)  -> (artifact id: '92e2d53689ef4c94d38425c3e89cf5bd') in 0.005406 seconds 
  Import took 0.010261 seconds .

========================================================================
Received Import Request.
  Time since last request: 23.514701 seconds.
  path: Assets/Data/Items/Tomato.asset
  artifactKey: Guid(d12cf1628b242ac48af48318e478d47f) Importer(815301076,1909f56bfc062723c751e8b465ee728b)
Start importing Assets/Data/Items/Tomato.asset using Guid(d12cf1628b242ac48af48318e478d47f) Importer(815301076,1909f56bfc062723c751e8b465ee728b)  -> (artifact id: '6231d148c43d1cc212907c2eb449af01') in 0.015378 seconds 
  Import took 0.032154 seconds .

========================================================================
Received Import Request.
  Time since last request: 0.000473 seconds.
  path: Assets/Data/Items/TomatoCrop.asset
  artifactKey: Guid(a1d735f3ac900504c84e7f405eec9e39) Importer(815301076,1909f56bfc062723c751e8b465ee728b)
Start importing Assets/Data/Items/TomatoCrop.asset using Guid(a1d735f3ac900504c84e7f405eec9e39) Importer(815301076,1909f56bfc062723c751e8b465ee728b)  -> (artifact id: '2b55f09f165cd30c45e99e1feb8f7424') in 0.006803 seconds 
  Import took 0.009711 seconds .

========================================================================
Received Import Request.
  Time since last request: 0.000304 seconds.
  path: Assets/Data/Tools/Seed/TomatoSeed.asset
  artifactKey: Guid(71e278d2912e1ce4386f7e5ac6bbb8bf) Importer(815301076,1909f56bfc062723c751e8b465ee728b)
Start importing Assets/Data/Tools/Seed/TomatoSeed.asset using Guid(71e278d2912e1ce4386f7e5ac6bbb8bf) Importer(815301076,1909f56bfc062723c751e8b465ee728b)  -> (artifact id: '1128e5377b7b60da136b0b04f3973dbd') in 0.007297 seconds 
  Import took 0.010005 seconds .

========================================================================
Received Prepare
Registering precompiled user dll's ...
Registered in 0.006219 seconds.
Begin MonoManager ReloadAssembly
Native extension for WindowsStandalone target not found
Refreshing native plugins compatible for Editor in 0.42 ms, found 2 plugins.
Preloading 0 native plugins for Editor in 0.00 ms.
Mono: successfully reloaded assembly
- Completed reload, in  1.129 seconds
Domain Reload Profiling:
	ReloadAssembly (1130ms)
		BeginReloadAssembly (124ms)
			ExecutionOrderSort (0ms)
			DisableScriptedObjects (5ms)
			BackupInstance (0ms)
			ReleaseScriptingObjects (0ms)
			CreateAndSetChildDomain (31ms)
		EndReloadAssembly (924ms)
			LoadAssemblies (114ms)
			RebuildTransferFunctionScriptingTraits (0ms)
			SetupTypeCache (324ms)
			ReleaseScriptCaches (1ms)
			RebuildScriptCaches (43ms)
			SetupLoadedEditorAssemblies (338ms)
				LogAssemblyErrors (0ms)
				InitializePlatformSupportModulesInManaged (6ms)
				SetLoadedEditorAssemblies (1ms)
				RefreshPlugins (1ms)
				BeforeProcessingInitializeOnLoad (99ms)
				ProcessInitializeOnLoadAttributes (210ms)
				ProcessInitializeOnLoadMethodAttributes (11ms)
				AfterProcessingInitializeOnLoad (11ms)
				EditorAssembliesLoaded (0ms)
			ExecutionOrderSort2 (0ms)
			AwakeInstancesAfterBackupRestoration (8ms)
Platform modules already initialized, skipping
Refreshing native plugins compatible for Editor in 0.41 ms, found 2 plugins.
Preloading 0 native plugins for Editor in 0.00 ms.
Unloading 1545 Unused Serialized files (Serialized files now loaded: 0)
System memory in use before: 87.3 MB.
System memory in use after: 87.4 MB.

Unloading 14 unused Assets to reduce memory usage. Loaded Objects now: 2057.
Total: 3.079000 ms (FindLiveObjects: 0.175200 ms CreateObjectMapping: 0.048700 ms MarkObjects: 2.838100 ms  DeleteObjects: 0.015800 ms)

AssetImportParameters requested are different than current active one (requested -> active):
  custom:framework-win-MediaFoundation: 216162199b28c13a410421893ffa2e32 -> 
  custom:video-decoder-ogg-theora: a1e56fd34408186e4bbccfd4996cb3dc -> 
  custom:container-muxer-webm: aa71ff27fc2769a1b78a27578f13a17b -> 
  custom:container-demuxer-webm: 4f35f7cbe854078d1ac9338744f61a02 -> 
  custom:container-demuxer-ogg: 62fdf1f143b41e24485cea50d1cbac27 -> 
  custom:video-encoder-webm-vp8: eb34c28f22e8b96e1ab97ce403110664 -> 
  custom:video-decoder-webm-vp8: 9c59270c3fd7afecdb556c50c9e8de78 -> 
  custom:audio-decoder-ogg-vorbis: bf7c407c2cedff20999df2af8eb42d56 -> 
  custom:audio-encoder-webm-vorbis: bf7c407c2cedff20999df2af8eb42d56 -> 
========================================================================
Received Prepare
Registering precompiled user dll's ...
Registered in 0.006125 seconds.
Begin MonoManager ReloadAssembly
Native extension for WindowsStandalone target not found
Refreshing native plugins compatible for Editor in 0.41 ms, found 2 plugins.
Preloading 0 native plugins for Editor in 0.00 ms.
Mono: successfully reloaded assembly
- Completed reload, in  1.114 seconds
Domain Reload Profiling:
	ReloadAssembly (1115ms)
		BeginReloadAssembly (131ms)
			ExecutionOrderSort (0ms)
			DisableScriptedObjects (5ms)
			BackupInstance (0ms)
			ReleaseScriptingObjects (0ms)
			CreateAndSetChildDomain (30ms)
		EndReloadAssembly (903ms)
			LoadAssemblies (114ms)
			RebuildTransferFunctionScriptingTraits (0ms)
			SetupTypeCache (306ms)
			ReleaseScriptCaches (1ms)
			RebuildScriptCaches (44ms)
			SetupLoadedEditorAssemblies (333ms)
				LogAssemblyErrors (0ms)
				InitializePlatformSupportModulesInManaged (5ms)
				SetLoadedEditorAssemblies (1ms)
				RefreshPlugins (1ms)
				BeforeProcessingInitializeOnLoad (99ms)
				ProcessInitializeOnLoadAttributes (206ms)
				ProcessInitializeOnLoadMethodAttributes (11ms)
				AfterProcessingInitializeOnLoad (12ms)
				EditorAssembliesLoaded (0ms)
			ExecutionOrderSort2 (0ms)
			AwakeInstancesAfterBackupRestoration (8ms)
Platform modules already initialized, skipping
Refreshing native plugins compatible for Editor in 0.42 ms, found 2 plugins.
Preloading 0 native plugins for Editor in 0.00 ms.
Unloading 1545 Unused Serialized files (Serialized files now loaded: 0)
System memory in use before: 87.3 MB.
System memory in use after: 87.4 MB.

Unloading 14 unused Assets to reduce memory usage. Loaded Objects now: 2059.
Total: 3.010100 ms (FindLiveObjects: 0.156600 ms CreateObjectMapping: 0.050000 ms MarkObjects: 2.786500 ms  DeleteObjects: 0.015900 ms)

AssetImportParameters requested are different than current active one (requested -> active):
  custom:framework-win-MediaFoundation: 216162199b28c13a410421893ffa2e32 -> 
  custom:video-decoder-ogg-theora: a1e56fd34408186e4bbccfd4996cb3dc -> 
  custom:container-muxer-webm: aa71ff27fc2769a1b78a27578f13a17b -> 
  custom:container-demuxer-webm: 4f35f7cbe854078d1ac9338744f61a02 -> 
  custom:container-demuxer-ogg: 62fdf1f143b41e24485cea50d1cbac27 -> 
  custom:video-encoder-webm-vp8: eb34c28f22e8b96e1ab97ce403110664 -> 
  custom:video-decoder-webm-vp8: 9c59270c3fd7afecdb556c50c9e8de78 -> 
  custom:audio-decoder-ogg-vorbis: bf7c407c2cedff20999df2af8eb42d56 -> 
  custom:audio-encoder-webm-vorbis: bf7c407c2cedff20999df2af8eb42d56 -> 
========================================================================
Received Import Request.
  Time since last request: 187.245541 seconds.
  path: Assets/Data/Tools/Shovel.asset
  artifactKey: Guid(29021292b5de84a408062bbad99a250c) Importer(815301076,1909f56bfc062723c751e8b465ee728b)
Start importing Assets/Data/Tools/Shovel.asset using Guid(29021292b5de84a408062bbad99a250c) Importer(815301076,1909f56bfc062723c751e8b465ee728b)  -> (artifact id: '989fcc93397d3f420213480e90487a59') in 0.016687 seconds 
  Import took 0.019538 seconds .

AssetImportWorkerClient::OnTransportError - code=2 error=End of file
